#
# There is insufficient memory for the Java Runtime Environment to continue.
# Native memory allocation (malloc) failed to allocate 404784 bytes for Chunk::new
# Possible reasons:
#   The system is out of physical RAM or swap space
#   In 32 bit mode, the process size limit was hit
# Possible solutions:
#   Reduce memory load on the system
#   Increase physical memory or swap space
#   Check if swap backing store is full
#   Use 64 bit Java on a 64 bit OS
#   Decrease Java heap size (-Xmx/-Xms)
#   Decrease number of Java threads
#   Decrease Java thread stack sizes (-Xss)
#   Set larger code cache with -XX:ReservedCodeCacheSize=
# This output file may be truncated or incomplete.
#
#  Out of Memory Error (allocation.cpp:390), pid=4288, tid=0x0000000000000ec8
#
# JRE version: OpenJDK Runtime Environment (8.0_152-b01) (build 1.8.0_152-release-1248-b01)
# Java VM: OpenJDK 64-Bit Server VM (25.152-b01 mixed mode windows-amd64 compressed oops)
# Failed to write core dump. Minidumps are not enabled by default on client versions of Windows
#

---------------  T H R E A D  ---------------

Current thread (0x000000001645b800):  JavaThread "C2 CompilerThread0" daemon [_thread_in_native, id=3784, stack(0x0000000017ac0000,0x0000000017bc0000)]

Stack: [0x0000000017ac0000,0x0000000017bc0000]
[error occurred during error reporting (printing stack bounds), id 0xc0000005]

Native frames: (J=compiled Java code, j=interpreted, Vv=VM code, C=native code)


Current CompileTask:
C2:   9544 3028       4       java.io.WinNTFileSystem::normalize (143 bytes)


---------------  P R O C E S S  ---------------

Java Threads: ( => current thread )
  0x000000001b116800 JavaThread "build operations Thread 4" [_thread_in_native, id=5064, stack(0x0000000020ab0000,0x0000000020bb0000)]
  0x000000001b114800 JavaThread "build operations Thread 3" [_thread_in_native, id=6012, stack(0x0000000020730000,0x0000000020830000)]
  0x000000001b116000 JavaThread "build operations Thread 2" [_thread_in_native, id=16036, stack(0x000000001fb50000,0x000000001fc50000)]
  0x000000001b11a800 JavaThread "build operations" [_thread_in_native, id=11816, stack(0x000000001e790000,0x000000001e890000)]
  0x000000001b119000 JavaThread "Cache worker for Artifact transforms cache (C:\Users\bersi\.gradle\caches\transforms-1)" [_thread_blocked, id=11536, stack(0x000000001d0c0000,0x000000001d1c0000)]
  0x00000000197a7800 JavaThread "Cache worker for file hash cache (C:\Users\bersi\AndroidStudioProjects\Github\2019-04-06\bora_la\.gradle\4.1\fileHashes)" [_thread_blocked, id=1060, stack(0x000000001bff0000,0x000000001c0f0000)]
  0x00000000197a2800 JavaThread "File lock request listener" [_thread_in_native, id=5484, stack(0x000000001af20000,0x000000001b020000)]
  0x0000000018dc2000 JavaThread "Cache worker for file hash cache (C:\Users\bersi\.gradle\caches\4.1\fileHashes)" [_thread_blocked, id=10424, stack(0x000000001ae20000,0x000000001af20000)]
  0x0000000019689800 JavaThread "Stdin handler" [_thread_blocked, id=15860, stack(0x000000001ab20000,0x000000001ac20000)]
  0x0000000019687000 JavaThread "Asynchronous log dispatcher for DefaultDaemonConnection: socket connection from /127.0.0.1:63010 to /127.0.0.1:63011" [_thread_blocked, id=1924, stack(0x000000001aa20000,0x000000001ab20000)]
  0x0000000019685800 JavaThread "Daemon worker" [_thread_blocked, id=15572, stack(0x000000001a920000,0x000000001aa20000)]
  0x0000000019814000 JavaThread "Cancel handler" [_thread_blocked, id=9592, stack(0x000000001a820000,0x000000001a920000)]
  0x0000000019805000 JavaThread "Handler for socket connection from /127.0.0.1:63010 to /127.0.0.1:63011" [_thread_in_native, id=6532, stack(0x000000001a520000,0x000000001a620000)]
  0x0000000019084800 JavaThread "Daemon" [_thread_blocked, id=5036, stack(0x000000001a420000,0x000000001a520000)]
  0x000000001971f800 JavaThread "Daemon periodic checks" [_thread_blocked, id=12228, stack(0x000000001a320000,0x000000001a420000)]
  0x000000001971e800 JavaThread "Incoming local TCP Connector on port 63010" [_thread_in_native, id=14764, stack(0x000000001a0d0000,0x000000001a1d0000)]
  0x00000000164be000 JavaThread "Service Thread" daemon [_thread_blocked, id=11196, stack(0x00000000181c0000,0x00000000182c0000)]
  0x0000000016462000 JavaThread "C1 CompilerThread2" daemon [_thread_in_vm, id=1216, stack(0x0000000017cc0000,0x0000000017dc0000)]
  0x000000001645e800 JavaThread "C2 CompilerThread1" daemon [_thread_in_native, id=7448, stack(0x0000000017bc0000,0x0000000017cc0000)]
=>0x000000001645b800 JavaThread "C2 CompilerThread0" daemon [_thread_in_native, id=3784, stack(0x0000000017ac0000,0x0000000017bc0000)]
  0x0000000016459000 JavaThread "Attach Listener" daemon [_thread_blocked, id=14292, stack(0x00000000179c0000,0x0000000017ac0000)]
  0x0000000016465800 JavaThread "Signal Dispatcher" daemon [_thread_blocked, id=1508, stack(0x00000000178c0000,0x00000000179c0000)]
  0x0000000002aeb800 JavaThread "Finalizer" daemon [_thread_blocked, id=1984, stack(0x00000000176b0000,0x00000000177b0000)]
  0x0000000002ae0800 JavaThread "Reference Handler" daemon [_thread_blocked, id=1032, stack(0x00000000175b0000,0x00000000176b0000)]
  0x00000000029ed800 JavaThread "main" [_thread_blocked, id=6856, stack(0x00000000028c0000,0x00000000029c0000)]

Other Threads:
  0x0000000016428000 VMThread [stack: 0x00000000174b0000,0x00000000175b0000] [id=16216]
  0x0000000017dec000 WatcherThread [stack: 0x00000000182c0000,0x00000000183c0000] [id=10520]

VM state:not at safepoint (normal execution)

VM Mutex/Monitor currently owned by a thread:  ([mutex/lock_event])
[0x00000000029ec150] CodeCache_lock - owner thread: 0x0000000000000000

Heap:
 PSYoungGen      total 89088K, used 10578K [0x00000000e0000000, 0x00000000e8300000, 0x0000000100000000)
  eden space 79872K, 13% used [0x00000000e0000000,0x00000000e0a549e8,0x00000000e4e00000)
  from space 9216K, 0% used [0x00000000e4e00000,0x00000000e4e00000,0x00000000e5700000)
  to   space 11264K, 0% used [0x00000000e7800000,0x00000000e7800000,0x00000000e8300000)
 ParOldGen       total 70656K, used 16701K [0x00000000a0000000, 0x00000000a4500000, 0x00000000e0000000)
  object space 70656K, 23% used [0x00000000a0000000,0x00000000a104f598,0x00000000a4500000)
 Metaspace       used 36486K, capacity 37116K, committed 37632K, reserved 1081344K
  class space    used 4862K, capacity 5095K, committed 5120K, reserved 1048576K

Card table byte_map: [0x0000000011eb0000,0x00000000121c0000] byte_map_base: 0x00000000119b0000

Marking Bits: (ParMarkBitMap*) 0x000000005c1d5aa0
 Begin Bits: [0x00000000127c0000, 0x0000000013fc0000)
 End Bits:   [0x0000000013fc0000, 0x00000000157c0000)

Polling page: 0x0000000002820000

CodeCache: size=245760Kb used=10697Kb max_used=10697Kb free=235062Kb
 bounds [0x0000000002af0000, 0x0000000003570000, 0x0000000011af0000]
 total_blobs=3600 nmethods=2885 adapters=628
 compilation: enabled

Compilation events (10 events):
Event: 9.521 Thread 0x0000000016462000 nmethod 3073 0x0000000003558990 code [0x0000000003558ae0, 0x0000000003558bf0]
Event: 9.521 Thread 0x000000001645e800 nmethod 3056% 0x000000000355a890 code [0x000000000355a9e0, 0x000000000355af38]
Event: 9.521 Thread 0x000000001645e800 3069       4       com.sun.org.apache.xerces.internal.dom.DeferredDocumentImpl::getNodeName (49 bytes)
Event: 9.526 Thread 0x000000001645e800 nmethod 3069 0x000000000355b050 code [0x000000000355b1c0, 0x000000000355b4b8]
Event: 9.526 Thread 0x000000001645e800 3070       4       com.sun.org.apache.xerces.internal.dom.DeferredDocumentImpl::getNodeType (51 bytes)
Event: 9.530 Thread 0x000000001645e800 nmethod 3070 0x000000000355b990 code [0x000000000355bae0, 0x000000000355bcf8]
Event: 9.530 Thread 0x000000001645e800 3072       4       com.sun.org.apache.xerces.internal.dom.DeferredDocumentImpl::getRealPrevSibling (49 bytes)
Event: 9.530 Thread 0x0000000016462000 3074   !   3       com.sun.org.apache.xerces.internal.impl.XMLDocumentFragmentScannerImpl$FragmentContentDriver::next (2346 bytes)
Event: 9.532 Thread 0x000000001645e800 nmethod 3072 0x000000000355c010 code [0x000000000355c160, 0x000000000355c288]
Event: 9.535 Thread 0x000000001645e800 3084       4       java.util.regex.Pattern$Slice::match (79 bytes)

GC Heap History (10 events):
Event: 5.433 GC heap before
{Heap before GC invocations=7 (full 1):
 PSYoungGen      total 57856K, used 5157K [0x00000000e0000000, 0x00000000e4100000, 0x0000000100000000)
  eden space 49152K, 0% used [0x00000000e0000000,0x00000000e0000000,0x00000000e3000000)
  from space 8704K, 59% used [0x00000000e3880000,0x00000000e3d89740,0x00000000e4100000)
  to   space 8704K, 0% used [0x00000000e3000000,0x00000000e3000000,0x00000000e3880000)
 ParOldGen       total 64512K, used 9895K [0x00000000a0000000, 0x00000000a3f00000, 0x00000000e0000000)
  object space 64512K, 15% used [0x00000000a0000000,0x00000000a09a9eb8,0x00000000a3f00000)
 Metaspace       used 20604K, capacity 20988K, committed 21248K, reserved 1067008K
  class space    used 2821K, capacity 2959K, committed 3072K, reserved 1048576K
Event: 5.478 GC heap after
Heap after GC invocations=7 (full 1):
 PSYoungGen      total 57856K, used 0K [0x00000000e0000000, 0x00000000e4100000, 0x0000000100000000)
  eden space 49152K, 0% used [0x00000000e0000000,0x00000000e0000000,0x00000000e3000000)
  from space 8704K, 0% used [0x00000000e3880000,0x00000000e3880000,0x00000000e4100000)
  to   space 8704K, 0% used [0x00000000e3000000,0x00000000e3000000,0x00000000e3880000)
 ParOldGen       total 45056K, used 6831K [0x00000000a0000000, 0x00000000a2c00000, 0x00000000e0000000)
  object space 45056K, 15% used [0x00000000a0000000,0x00000000a06abce0,0x00000000a2c00000)
 Metaspace       used 20604K, capacity 20988K, committed 21248K, reserved 1067008K
  class space    used 2821K, capacity 2959K, committed 3072K, reserved 1048576K
}
Event: 6.875 GC heap before
{Heap before GC invocations=8 (full 1):
 PSYoungGen      total 57856K, used 49152K [0x00000000e0000000, 0x00000000e4100000, 0x0000000100000000)
  eden space 49152K, 100% used [0x00000000e0000000,0x00000000e3000000,0x00000000e3000000)
  from space 8704K, 0% used [0x00000000e3880000,0x00000000e3880000,0x00000000e4100000)
  to   space 8704K, 0% used [0x00000000e3000000,0x00000000e3000000,0x00000000e3880000)
 ParOldGen       total 45056K, used 6831K [0x00000000a0000000, 0x00000000a2c00000, 0x00000000e0000000)
  object space 45056K, 15% used [0x00000000a0000000,0x00000000a06abce0,0x00000000a2c00000)
 Metaspace       used 26612K, capacity 27056K, committed 27264K, reserved 1073152K
  class space    used 3536K, capacity 3652K, committed 3712K, reserved 1048576K
Event: 6.885 GC heap after
Heap after GC invocations=8 (full 1):
 PSYoungGen      total 57856K, used 6640K [0x00000000e0000000, 0x00000000e5f80000, 0x0000000100000000)
  eden space 49152K, 0% used [0x00000000e0000000,0x00000000e0000000,0x00000000e3000000)
  from space 8704K, 76% used [0x00000000e3000000,0x00000000e367c080,0x00000000e3880000)
  to   space 8704K, 0% used [0x00000000e5700000,0x00000000e5700000,0x00000000e5f80000)
 ParOldGen       total 45056K, used 6839K [0x00000000a0000000, 0x00000000a2c00000, 0x00000000e0000000)
  object space 45056K, 15% used [0x00000000a0000000,0x00000000a06adce0,0x00000000a2c00000)
 Metaspace       used 26612K, capacity 27056K, committed 27264K, reserved 1073152K
  class space    used 3536K, capacity 3652K, committed 3712K, reserved 1048576K
}
Event: 7.900 GC heap before
{Heap before GC invocations=9 (full 1):
 PSYoungGen      total 57856K, used 55792K [0x00000000e0000000, 0x00000000e5f80000, 0x0000000100000000)
  eden space 49152K, 100% used [0x00000000e0000000,0x00000000e3000000,0x00000000e3000000)
  from space 8704K, 76% used [0x00000000e3000000,0x00000000e367c080,0x00000000e3880000)
  to   space 8704K, 0% used [0x00000000e5700000,0x00000000e5700000,0x00000000e5f80000)
 ParOldGen       total 45056K, used 6839K [0x00000000a0000000, 0x00000000a2c00000, 0x00000000e0000000)
  object space 45056K, 15% used [0x00000000a0000000,0x00000000a06adce0,0x00000000a2c00000)
 Metaspace       used 29786K, capacity 30350K, committed 30592K, reserved 1075200K
  class space    used 4022K, capacity 4192K, committed 4224K, reserved 1048576K
Event: 7.926 GC heap after
Heap after GC invocations=9 (full 1):
 PSYoungGen      total 88576K, used 8124K [0x00000000e0000000, 0x00000000e6280000, 0x0000000100000000)
  eden space 79872K, 0% used [0x00000000e0000000,0x00000000e0000000,0x00000000e4e00000)
  from space 8704K, 93% used [0x00000000e5700000,0x00000000e5eef390,0x00000000e5f80000)
  to   space 9216K, 0% used [0x00000000e4e00000,0x00000000e4e00000,0x00000000e5700000)
 ParOldGen       total 45056K, used 6847K [0x00000000a0000000, 0x00000000a2c00000, 0x00000000e0000000)
  object space 45056K, 15% used [0x00000000a0000000,0x00000000a06afce0,0x00000000a2c00000)
 Metaspace       used 29786K, capacity 30350K, committed 30592K, reserved 1075200K
  class space    used 4022K, capacity 4192K, committed 4224K, reserved 1048576K
}
Event: 9.097 GC heap before
{Heap before GC invocations=10 (full 1):
 PSYoungGen      total 88576K, used 55543K [0x00000000e0000000, 0x00000000e6280000, 0x0000000100000000)
  eden space 79872K, 59% used [0x00000000e0000000,0x00000000e2e4eab0,0x00000000e4e00000)
  from space 8704K, 93% used [0x00000000e5700000,0x00000000e5eef390,0x00000000e5f80000)
  to   space 9216K, 0% used [0x00000000e4e00000,0x00000000e4e00000,0x00000000e5700000)
 ParOldGen       total 45056K, used 6847K [0x00000000a0000000, 0x00000000a2c00000, 0x00000000e0000000)
  object space 45056K, 15% used [0x00000000a0000000,0x00000000a06afce0,0x00000000a2c00000)
 Metaspace       used 34658K, capacity 35210K, committed 35416K, reserved 1079296K
  class space    used 4667K, capacity 4846K, committed 4864K, reserved 1048576K
Event: 9.112 GC heap after
Heap after GC invocations=10 (full 1):
 PSYoungGen      total 89088K, used 9207K [0x00000000e0000000, 0x00000000e8300000, 0x0000000100000000)
  eden space 79872K, 0% used [0x00000000e0000000,0x00000000e0000000,0x00000000e4e00000)
  from space 9216K, 99% used [0x00000000e4e00000,0x00000000e56fdc80,0x00000000e5700000)
  to   space 11264K, 0% used [0x00000000e7800000,0x00000000e7800000,0x00000000e8300000)
 ParOldGen       total 45056K, used 8878K [0x00000000a0000000, 0x00000000a2c00000, 0x00000000e0000000)
  object space 45056K, 19% used [0x00000000a0000000,0x00000000a08aba68,0x00000000a2c00000)
 Metaspace       used 34658K, capacity 35210K, committed 35416K, reserved 1079296K
  class space    used 4667K, capacity 4846K, committed 4864K, reserved 1048576K
}
Event: 9.112 GC heap before
{Heap before GC invocations=11 (full 2):
 PSYoungGen      total 89088K, used 9207K [0x00000000e0000000, 0x00000000e8300000, 0x0000000100000000)
  eden space 79872K, 0% used [0x00000000e0000000,0x00000000e0000000,0x00000000e4e00000)
  from space 9216K, 99% used [0x00000000e4e00000,0x00000000e56fdc80,0x00000000e5700000)
  to   space 11264K, 0% used [0x00000000e7800000,0x00000000e7800000,0x00000000e8300000)
 ParOldGen       total 45056K, used 8878K [0x00000000a0000000, 0x00000000a2c00000, 0x00000000e0000000)
  object space 45056K, 19% used [0x00000000a0000000,0x00000000a08aba68,0x00000000a2c00000)
 Metaspace       used 34658K, capacity 35210K, committed 35416K, reserved 1079296K
  class space    used 4667K, capacity 4846K, committed 4864K, reserved 1048576K
Event: 9.181 GC heap after
Heap after GC invocations=11 (full 2):
 PSYoungGen      total 89088K, used 0K [0x00000000e0000000, 0x00000000e8300000, 0x0000000100000000)
  eden space 79872K, 0% used [0x00000000e0000000,0x00000000e0000000,0x00000000e4e00000)
  from space 9216K, 0% used [0x00000000e4e00000,0x00000000e4e00000,0x00000000e5700000)
  to   space 11264K, 0% used [0x00000000e7800000,0x00000000e7800000,0x00000000e8300000)
 ParOldGen       total 70656K, used 16701K [0x00000000a0000000, 0x00000000a4500000, 0x00000000e0000000)
  object space 70656K, 23% used [0x00000000a0000000,0x00000000a104f598,0x00000000a4500000)
 Metaspace       used 34613K, capacity 35098K, committed 35416K, reserved 1079296K
  class space    used 4653K, capacity 4830K, committed 4864K, reserved 1048576K
}

Deoptimization events (10 events):
Event: 8.312 Thread 0x0000000019685800 Uncommon trap: reason=unstable_if action=reinterpret pc=0x000000000340939c method=java.util.HashMap.putVal(ILjava/lang/Object;Ljava/lang/Object;ZZ)Ljava/lang/Object; @ 236
Event: 8.415 Thread 0x0000000019685800 Uncommon trap: reason=unstable_if action=reinterpret pc=0x0000000002ee7570 method=java.lang.String.regionMatches(ZILjava/lang/String;II)Z @ 123
Event: 8.418 Thread 0x0000000019685800 Uncommon trap: reason=null_check action=make_not_entrant pc=0x00000000033d92fc method=java.net.URL.getURLStreamHandler(Ljava/lang/String;)Ljava/net/URLStreamHandler; @ 7
Event: 8.481 Thread 0x0000000019685800 Uncommon trap: reason=unstable_if action=reinterpret pc=0x0000000002fb017c method=sun.nio.cs.UTF_8$Decoder.decodeArrayLoop(Ljava/nio/ByteBuffer;Ljava/nio/CharBuffer;)Ljava/nio/charset/CoderResult; @ 84
Event: 8.481 Thread 0x0000000019685800 Uncommon trap: reason=unstable_if action=reinterpret pc=0x0000000002f58e3c method=java.lang.CharacterDataLatin1.isWhitespace(I)Z @ 14
Event: 8.484 Thread 0x0000000019685800 Uncommon trap: reason=unstable_if action=reinterpret pc=0x0000000002c27600 method=java.lang.CharacterData.of(I)Ljava/lang/CharacterData; @ 4
Event: 8.670 Thread 0x0000000019685800 Uncommon trap: reason=unstable_if action=reinterpret pc=0x0000000003491414 method=java.lang.CharacterDataLatin1.digit(II)I @ 82
Event: 8.932 Thread 0x0000000019685800 Uncommon trap: reason=unstable_if action=reinterpret pc=0x00000000034decf0 method=java.util.Arrays.equals([B[B)Z @ 12
Event: 9.096 Thread 0x0000000019685800 Uncommon trap: reason=unstable_if action=reinterpret pc=0x00000000034b95ec method=java.lang.CharacterDataLatin1.digit(II)I @ 60
Event: 9.183 Thread 0x0000000019685800 Uncommon trap: reason=unstable_if action=reinterpret pc=0x00000000034b80ac method=java.lang.CharacterDataLatin1.digit(II)I @ 60

Classes redefined (0 events):
No events

Internal exceptions (10 events):
Event: 7.505 Thread 0x0000000019685800 Exception <a 'java/lang/ClassNotFoundException': org/gradle/api/internal/project/ProjectScriptCustomizer> (0x00000000e1eb1310) thrown at [D:\src\AOSP-openjdk-cygwin\jdk8u\hotspot\src\share\vm\classfile\systemDictionary.cpp, line 210]
Event: 7.505 Thread 0x0000000019685800 Exception <a 'java/lang/ClassNotFoundException': build_71b3l7l4egh0ydtcmxykdpav3Customizer> (0x00000000e1ecf7e8) thrown at [D:\src\AOSP-openjdk-cygwin\jdk8u\hotspot\src\share\vm\classfile\systemDictionary.cpp, line 210]
Event: 7.820 Thread 0x0000000019685800 Exception <a 'java/lang/ClassNotFoundException': org/gradle/api/internal/artifacts/dsl/dependencies/DefaultDependencyHandler_DecoratedBeanInfo> (0x00000000e2d1c0f0) thrown at [D:\src\AOSP-openjdk-cygwin\jdk8u\hotspot\src\share\vm\classfile\systemDictionar
Event: 7.821 Thread 0x0000000019685800 Exception <a 'java/lang/ClassNotFoundException': org/gradle/api/internal/artifacts/dsl/dependencies/DefaultDependencyHandlerBeanInfo> (0x00000000e2d5ea00) thrown at [D:\src\AOSP-openjdk-cygwin\jdk8u\hotspot\src\share\vm\classfile\systemDictionary.cpp, lin
Event: 7.822 Thread 0x0000000019685800 Exception <a 'java/lang/ClassNotFoundException': org/gradle/api/internal/artifacts/dsl/dependencies/DefaultDependencyHandlerCustomizer> (0x00000000e2da2108) thrown at [D:\src\AOSP-openjdk-cygwin\jdk8u\hotspot\src\share\vm\classfile\systemDictionary.cpp, l
Event: 7.826 Thread 0x0000000019685800 Exception <a 'java/lang/ClassNotFoundException': org/gradle/api/internal/artifacts/dsl/dependencies/DefaultDependencyHandler_DecoratedCustomizer> (0x00000000e2e085c8) thrown at [D:\src\AOSP-openjdk-cygwin\jdk8u\hotspot\src\share\vm\classfile\systemDiction
Event: 8.418 Thread 0x0000000019685800 Implicit null exception at 0x00000000033d70d4 to 0x00000000033d92f1
Event: 8.932 Thread 0x0000000019685800 Implicit null exception at 0x00000000034deb98 to 0x00000000034decdd
Event: 9.239 Thread 0x0000000019685800 Exception <a 'java/lang/NoSuchMethodError': <clinit>> (0x00000000e01a66a0) thrown at [D:\src\AOSP-openjdk-cygwin\jdk8u\hotspot\src\share\vm\prims\jni.cpp, line 1613]
Event: 9.241 Thread 0x0000000019685800 Exception <a 'java/lang/NoSuchMethodError': <clinit>> (0x00000000e01b8f10) thrown at [D:\src\AOSP-openjdk-cygwin\jdk8u\hotspot\src\share\vm\prims\jni.cpp, line 1613]

Events (10 events):
Event: 9.456 Executing VM operation: RevokeBias
Event: 9.456 Executing VM operation: RevokeBias done
Event: 9.458 Executing VM operation: RevokeBias
Event: 9.458 Executing VM operation: RevokeBias done
Event: 9.483 Executing VM operation: RevokeBias
Event: 9.483 Executing VM operation: RevokeBias done
Event: 9.504 Executing VM operation: RevokeBias
Event: 9.505 Executing VM operation: RevokeBias done
Event: 9.507 Executing VM operation: RevokeBias
Event: 9.507 Executing VM operation: RevokeBias done


Dynamic libraries:
0x00007ff6fd5f0000 - 0x00007ff6fd621000 	C:\Program Files\Android\Android Studio\jre\bin\java.exe
0x00007ffba4f80000 - 0x00007ffba5161000 	C:\WINDOWS\SYSTEM32\ntdll.dll
0x00007ffba3850000 - 0x00007ffba3901000 	C:\WINDOWS\System32\KERNEL32.DLL
0x00007ffba1350000 - 0x00007ffba15c3000 	C:\WINDOWS\System32\KERNELBASE.dll
0x00007ffba4830000 - 0x00007ffba48d1000 	C:\WINDOWS\System32\ADVAPI32.dll
0x00007ffba39a0000 - 0x00007ffba3a3e000 	C:\WINDOWS\System32\msvcrt.dll
0x00007ffba4d90000 - 0x00007ffba4deb000 	C:\WINDOWS\System32\sechost.dll
0x00007ffba3c50000 - 0x00007ffba3d74000 	C:\WINDOWS\System32\RPCRT4.dll
0x00007ffba3ac0000 - 0x00007ffba3c50000 	C:\WINDOWS\System32\USER32.dll
0x00007ffba15d0000 - 0x00007ffba15f0000 	C:\WINDOWS\System32\win32u.dll
0x00007ffba3a40000 - 0x00007ffba3a68000 	C:\WINDOWS\System32\GDI32.dll
0x00007ffba1710000 - 0x00007ffba18a2000 	C:\WINDOWS\System32\gdi32full.dll
0x00007ffba15f0000 - 0x00007ffba168f000 	C:\WINDOWS\System32\msvcp_win.dll
0x00007ffba18b0000 - 0x00007ffba19a8000 	C:\WINDOWS\System32\ucrtbase.dll
0x00007ffb94d30000 - 0x00007ffb94f99000 	C:\WINDOWS\WinSxS\amd64_microsoft.windows.common-controls_6595b64144ccf1df_6.0.17134.706_none_fb43a2cb30647007\COMCTL32.dll
0x00007ffba4500000 - 0x00007ffba4822000 	C:\WINDOWS\System32\combase.dll
0x00007ffba1690000 - 0x00007ffba170a000 	C:\WINDOWS\System32\bcryptPrimitives.dll
0x00007ffba3a70000 - 0x00007ffba3a9d000 	C:\WINDOWS\System32\IMM32.DLL
0x000000005b6a0000 - 0x000000005b772000 	C:\Program Files\Android\Android Studio\jre\jre\bin\msvcr100.dll
0x000000005ba10000 - 0x000000005c251000 	C:\Program Files\Android\Android Studio\jre\jre\bin\server\jvm.dll
0x00007ffba41d0000 - 0x00007ffba41d8000 	C:\WINDOWS\System32\PSAPI.DLL
0x00007ffb8a430000 - 0x00007ffb8a439000 	C:\WINDOWS\SYSTEM32\WSOCK32.dll
0x00007ffb99af0000 - 0x00007ffb99afa000 	C:\WINDOWS\SYSTEM32\VERSION.dll
0x00007ffb9f330000 - 0x00007ffb9f353000 	C:\WINDOWS\SYSTEM32\WINMM.dll
0x00007ffba3ef0000 - 0x00007ffba3f5c000 	C:\WINDOWS\System32\WS2_32.dll
0x00007ffb9eee0000 - 0x00007ffb9ef0a000 	C:\WINDOWS\SYSTEM32\winmmbase.dll
0x00007ffba1ba0000 - 0x00007ffba1be9000 	C:\WINDOWS\System32\cfgmgr32.dll
0x00007ffb9ffa0000 - 0x00007ffb9ffaf000 	C:\Program Files\Android\Android Studio\jre\jre\bin\verify.dll
0x00007ffb9f510000 - 0x00007ffb9f539000 	C:\Program Files\Android\Android Studio\jre\jre\bin\java.dll
0x00007ffb9a410000 - 0x00007ffb9a426000 	C:\Program Files\Android\Android Studio\jre\jre\bin\zip.dll
0x00007ffba2410000 - 0x00007ffba3850000 	C:\WINDOWS\System32\SHELL32.dll
0x00007ffba4450000 - 0x00007ffba44f9000 	C:\WINDOWS\System32\shcore.dll
0x00007ffba1bf0000 - 0x00007ffba22fd000 	C:\WINDOWS\System32\windows.storage.dll
0x00007ffba4390000 - 0x00007ffba43e1000 	C:\WINDOWS\System32\shlwapi.dll
0x00007ffba12f0000 - 0x00007ffba1301000 	C:\WINDOWS\System32\kernel.appcore.dll
0x00007ffba1310000 - 0x00007ffba132f000 	C:\WINDOWS\System32\profapi.dll
0x00007ffba1290000 - 0x00007ffba12dc000 	C:\WINDOWS\System32\powrprof.dll
0x00007ffba12e0000 - 0x00007ffba12ea000 	C:\WINDOWS\System32\FLTLIB.DLL
0x00007ffb9a2e0000 - 0x00007ffb9a2fa000 	C:\Program Files\Android\Android Studio\jre\jre\bin\net.dll
0x00007ffba0ab0000 - 0x00007ffba0b16000 	C:\WINDOWS\system32\mswsock.dll
0x00007ffb98270000 - 0x00007ffb98281000 	C:\Program Files\Android\Android Studio\jre\jre\bin\nio.dll
0x00007ffb97a40000 - 0x00007ffb97a5e000 	C:\Users\bersi\.gradle\native\25\windows-amd64\native-platform.dll
0x00007ffb9f500000 - 0x00007ffb9f50d000 	C:\Program Files\Android\Android Studio\jre\jre\bin\management.dll
0x00007ffba0c60000 - 0x00007ffba0c77000 	C:\WINDOWS\SYSTEM32\CRYPTSP.dll
0x00007ffba0690000 - 0x00007ffba06c3000 	C:\WINDOWS\system32\rsaenh.dll
0x00007ffba0d90000 - 0x00007ffba0db5000 	C:\WINDOWS\SYSTEM32\bcrypt.dll
0x00007ffba11c0000 - 0x00007ffba11e8000 	C:\WINDOWS\SYSTEM32\USERENV.dll
0x00007ffba0c80000 - 0x00007ffba0c8b000 	C:\WINDOWS\SYSTEM32\CRYPTBASE.dll
0x00007ffba0830000 - 0x00007ffba0868000 	C:\WINDOWS\SYSTEM32\IPHLPAPI.DLL
0x00007ffba4380000 - 0x00007ffba4388000 	C:\WINDOWS\System32\NSI.dll
0x00007ffb99a50000 - 0x00007ffb99a66000 	C:\WINDOWS\SYSTEM32\dhcpcsvc6.DLL
0x00007ffb99a30000 - 0x00007ffb99a4a000 	C:\WINDOWS\SYSTEM32\dhcpcsvc.DLL
0x00007ffb97a60000 - 0x00007ffb97a84000 	C:\Program Files\Android\Android Studio\jre\jre\bin\sunec.dll
0x00007ffba0870000 - 0x00007ffba092e000 	C:\WINDOWS\SYSTEM32\DNSAPI.dll
0x00007ffb955c0000 - 0x00007ffb955ca000 	C:\Windows\System32\rasadhlp.dll
0x00007ffb95c80000 - 0x00007ffb95cf2000 	C:\WINDOWS\System32\fwpuclnt.dll
0x00007ffb9c5b0000 - 0x00007ffb9c5bb000 	C:\Program Files\Android\Android Studio\jre\jre\bin\sunmscapi.dll
0x00007ffba19b0000 - 0x00007ffba1b92000 	C:\WINDOWS\System32\CRYPT32.dll
0x00007ffba1330000 - 0x00007ffba1342000 	C:\WINDOWS\System32\MSASN1.dll

VM Arguments:
jvm_args: -Xmx1536m -Dfile.encoding=windows-1252 -Duser.country=BR -Duser.language=pt -Duser.variant 
java_command: org.gradle.launcher.daemon.bootstrap.GradleDaemon 4.1
java_class_path (initial): C:\Users\bersi\.gradle\wrapper\dists\gradle-4.1-all\bzyivzo6n839fup2jbap0tjew\gradle-4.1\lib\gradle-launcher-4.1.jar
Launcher Type: SUN_STANDARD

Environment Variables:
PATH=C:\Program Files (x86)\Common Files\Oracle\Java\javapath;C:\WINDOWS\system32;C:\WINDOWS;C:\WINDOWS\System32\Wbem;C:\WINDOWS\System32\WindowsPowerShell\v1.0\;C:\WINDOWS\System32\OpenSSH\;C:\MinGW\bin;C:\Program Files\Git\cmd;C:\Program Files (x86)\NVIDIA Corporation\PhysX\Common;C:\Program Files\PuTTY\;C:\Program Files\NVIDIA Corporation\NVIDIA NvDLISR;"C:\Users\bersi\AppData\Local\Microsoft\WindowsApps; C:\MinGW\bin";
USERNAME=Bur
OS=Windows_NT
PROCESSOR_IDENTIFIER=Intel64 Family 6 Model 58 Stepping 9, GenuineIntel



---------------  S Y S T E M  ---------------

OS: Windows 10.0 , 64 bit Build 17134 (10.0.17134.706)

CPU:total 4 (initial active 4) (2 cores per cpu, 2 threads per core) family 6 model 58 stepping 9, cmov, cx8, fxsr, mmx, sse, sse2, sse3, ssse3, sse4.1, sse4.2, popcnt, avx, aes, clmul, erms, ht, tsc, tscinvbit, tscinv

Memory: 4k page, physical 6147072k(458284k free), swap 7195648k(7880k free)

vm_info: OpenJDK 64-Bit Server VM (25.152-b01) for windows-amd64 JRE (1.8.0_152-release-1248-b01), built by "builder" with MS VC++ 10.0 (VS2010)

time: Fri Apr 19 00:42:18 2019
elapsed time: 9 seconds (0d 0h 0m 9s)

