#
# There is insufficient memory for the Java Runtime Environment to continue.
# Native memory allocation (malloc) failed to allocate 1034256 bytes for Chunk::new
# Possible reasons:
#   The system is out of physical RAM or swap space
#   In 32 bit mode, the process size limit was hit
# Possible solutions:
#   Reduce memory load on the system
#   Increase physical memory or swap space
#   Check if swap backing store is full
#   Use 64 bit Java on a 64 bit OS
#   Decrease Java heap size (-Xmx/-Xms)
#   Decrease number of Java threads
#   Decrease Java thread stack sizes (-Xss)
#   Set larger code cache with -XX:ReservedCodeCacheSize=
# This output file may be truncated or incomplete.
#
#  Out of Memory Error (allocation.cpp:390), pid=15232, tid=0x0000000000003f94
#
# JRE version: OpenJDK Runtime Environment (8.0_152-b01) (build 1.8.0_152-release-1248-b01)
# Java VM: OpenJDK 64-Bit Server VM (25.152-b01 mixed mode windows-amd64 compressed oops)
# Failed to write core dump. Minidumps are not enabled by default on client versions of Windows
#

---------------  T H R E A D  ---------------

Current thread (0x00000000163dc800):  JavaThread "C2 CompilerThread1" daemon [_thread_in_native, id=16276, stack(0x0000000017b50000,0x0000000017c50000)]

Stack: [0x0000000017b50000,0x0000000017c50000]
[error occurred during error reporting (printing stack bounds), id 0xc0000005]

Native frames: (J=compiled Java code, j=interpreted, Vv=VM code, C=native code)


Current CompileTask:
C2:  90131 18094       4       com.android.tools.r8.code.BaseInstructionFactory::create (3362 bytes)


---------------  P R O C E S S  ---------------

Java Threads: ( => current thread )
  0x0000000028c93800 JavaThread "ForkJoinPool-8-worker-4" daemon [_thread_blocked, id=5824, stack(0x000000002bf00000,0x000000002c000000)]
  0x0000000028c96800 JavaThread "ForkJoinPool-8-worker-0" daemon [_thread_blocked, id=11776, stack(0x000000002be00000,0x000000002bf00000)]
  0x0000000028c95800 JavaThread "ForkJoinPool-8-worker-3" daemon [_thread_blocked, id=5888, stack(0x000000002bd00000,0x000000002be00000)]
  0x0000000028c90800 JavaThread "ForkJoinPool-8-worker-2" daemon [_thread_in_Java, id=1484, stack(0x000000002b460000,0x000000002b560000)]
  0x0000000028c92000 JavaThread "ForkJoinPool-8-worker-1" daemon [_thread_blocked, id=11052, stack(0x000000002b360000,0x000000002b460000)]
  0x000000001c4e0000 JavaThread "ForkJoinPool.commonPool-worker-3" daemon [_thread_blocked, id=15364, stack(0x0000000025cb0000,0x0000000025db0000)]
  0x000000001c4dc000 JavaThread "Cache worker for Java compile cache (C:\Users\bersi\AndroidStudioProjects\Github\2019-04-06\bora_la\.gradle\4.10.1\javaCompile)" [_thread_blocked, id=5228, stack(0x0000000025ab0000,0x0000000025bb0000)]
  0x000000001c4da000 JavaThread "Cache worker for Java compile cache (C:\Users\bersi\.gradle\caches\4.10.1\javaCompile)" [_thread_blocked, id=9580, stack(0x00000000259b0000,0x0000000025ab0000)]
  0x000000001c4de800 JavaThread "stdout" daemon [_thread_in_native, id=11968, stack(0x00000000258b0000,0x00000000259b0000)]
  0x000000001c4d6000 JavaThread "stderr" daemon [_thread_in_native, id=15904, stack(0x00000000257b0000,0x00000000258b0000)]
  0x000000001c4d9000 JavaThread "stdout" daemon [_thread_in_native, id=9172, stack(0x00000000256b0000,0x00000000257b0000)]
  0x000000001c4db800 JavaThread "stderr" daemon [_thread_in_native, id=15672, stack(0x00000000255b0000,0x00000000256b0000)]
  0x000000001c4d7000 JavaThread "stdout" daemon [_thread_in_native, id=6988, stack(0x00000000254b0000,0x00000000255b0000)]
  0x000000001c4dd000 JavaThread "stderr" daemon [_thread_in_native, id=1736, stack(0x00000000253b0000,0x00000000254b0000)]
  0x000000001c4da800 JavaThread "pool-3-thread-1" [_thread_blocked, id=15776, stack(0x00000000252b0000,0x00000000253b0000)]
  0x000000001cd58800 JavaThread "Cache worker for Build Output Cleanup Cache (C:\Users\bersi\AndroidStudioProjects\Github\2019-04-06\bora_la\.gradle\buildOutputCleanup)" [_thread_blocked, id=14912, stack(0x0000000024eb0000,0x0000000024fb0000)]
  0x000000001cd53800 JavaThread "Cache worker for task history cache (C:\Users\bersi\AndroidStudioProjects\Github\2019-04-06\bora_la\.gradle\4.10.1\taskHistory)" [_thread_blocked, id=11132, stack(0x0000000024db0000,0x0000000024eb0000)]
  0x000000001cd58000 JavaThread "Task worker for ':' Thread 3" [_thread_blocked, id=12836, stack(0x0000000024cb0000,0x0000000024db0000)]
  0x000000001cd57000 JavaThread "Task worker for ':' Thread 2" [_thread_blocked, id=15108, stack(0x0000000024bb0000,0x0000000024cb0000)]
  0x000000001adf7800 JavaThread "Task worker for ':'" [_thread_blocked, id=15132, stack(0x0000000024ab0000,0x0000000024bb0000)]
  0x000000001adf3000 JavaThread "Cache worker for file content cache (C:\Users\bersi\AndroidStudioProjects\Github\2019-04-06\bora_la\.gradle\4.10.1\fileContent)" [_thread_blocked, id=9564, stack(0x00000000249b0000,0x0000000024ab0000)]
  0x000000001adf7000 JavaThread "Cache worker for file content cache (C:\Users\bersi\.gradle\caches\4.10.1\fileContent)" [_thread_blocked, id=9672, stack(0x00000000248b0000,0x00000000249b0000)]
  0x000000001adf4000 JavaThread "Memory manager" [_thread_blocked, id=14988, stack(0x00000000247b0000,0x00000000248b0000)]
  0x000000001db45800 JavaThread "pool-2-thread-1" [_thread_blocked, id=2308, stack(0x00000000246b0000,0x00000000247b0000)]
  0x000000001db44000 JavaThread "Build operations Thread 4" [_thread_blocked, id=9816, stack(0x00000000245b0000,0x00000000246b0000)]
  0x000000001db42800 JavaThread "Build operations Thread 3" [_thread_blocked, id=3880, stack(0x00000000244b0000,0x00000000245b0000)]
  0x000000001db42000 JavaThread "Build operations Thread 2" [_thread_blocked, id=11576, stack(0x00000000243b0000,0x00000000244b0000)]
  0x000000001db41000 JavaThread "Build operations" [_thread_blocked, id=6088, stack(0x00000000242b0000,0x00000000243b0000)]
  0x000000001db39800 JavaThread "Cache worker for cache directory md-rule (C:\Users\bersi\.gradle\caches\4.10.1\md-rule)" [_thread_blocked, id=10884, stack(0x00000000241b0000,0x00000000242b0000)]
  0x000000001db3f800 JavaThread "Cache worker for cache directory md-supplier (C:\Users\bersi\.gradle\caches\4.10.1\md-supplier)" [_thread_blocked, id=15992, stack(0x00000000240b0000,0x00000000241b0000)]
  0x000000001db3f000 JavaThread "Cache worker for file hash cache (C:\Users\bersi\AndroidStudioProjects\Github\2019-04-06\bora_la\.gradle\4.10.1\fileHashes)" [_thread_blocked, id=15484, stack(0x0000000023fb0000,0x00000000240b0000)]
  0x000000001db40800 JavaThread "Stdin handler" [_thread_blocked, id=3240, stack(0x0000000023eb0000,0x0000000023fb0000)]
  0x000000001db37800 JavaThread "Asynchronous log dispatcher for DefaultDaemonConnection: socket connection from /127.0.0.1:49218 to /127.0.0.1:49278" [_thread_blocked, id=16200, stack(0x0000000023db0000,0x0000000023eb0000)]
  0x000000001db39000 JavaThread "Cancel handler" [_thread_blocked, id=4124, stack(0x0000000023cb0000,0x0000000023db0000)]
  0x000000001db3d800 JavaThread "Handler for socket connection from /127.0.0.1:49218 to /127.0.0.1:49278" [_thread_in_native, id=11868, stack(0x0000000023bb0000,0x0000000023cb0000)]
  0x000000001adf4800 JavaThread "Cache worker for Artifact transforms cache (C:\Users\bersi\.gradle\caches\transforms-1)" [_thread_blocked, id=12416, stack(0x000000001fd60000,0x000000001fe60000)]
  0x000000001adf1000 JavaThread "Cache worker for journal cache (C:\Users\bersi\.gradle\caches\journal-1)" [_thread_blocked, id=14452, stack(0x000000001d050000,0x000000001d150000)]
  0x000000001af14800 JavaThread "File lock request listener" [_thread_in_native, id=14536, stack(0x000000001be80000,0x000000001bf80000)]
  0x00000000199f5800 JavaThread "Cache worker for file hash cache (C:\Users\bersi\.gradle\caches\4.10.1\fileHashes)" [_thread_blocked, id=2348, stack(0x000000001bd80000,0x000000001be80000)]
  0x0000000019573800 JavaThread "Daemon worker" [_thread_blocked, id=1884, stack(0x000000001a8b0000,0x000000001a9b0000)]
  0x00000000193de800 JavaThread "Daemon" [_thread_blocked, id=10988, stack(0x000000001a3b0000,0x000000001a4b0000)]
  0x0000000019107800 JavaThread "Daemon periodic checks" [_thread_blocked, id=576, stack(0x000000001a2b0000,0x000000001a3b0000)]
  0x0000000018fd7000 JavaThread "Incoming local TCP Connector on port 49218" [_thread_in_native, id=6056, stack(0x000000001a060000,0x000000001a160000)]
  0x0000000017d78800 JavaThread "Service Thread" daemon [_thread_blocked, id=4740, stack(0x0000000018150000,0x0000000018250000)]
  0x00000000163e0000 JavaThread "C1 CompilerThread2" daemon [_thread_blocked, id=16116, stack(0x0000000017c50000,0x0000000017d50000)]
=>0x00000000163dc800 JavaThread "C2 CompilerThread1" daemon [_thread_in_native, id=16276, stack(0x0000000017b50000,0x0000000017c50000)]
  0x00000000163e8800 JavaThread "C2 CompilerThread0" daemon [_thread_blocked, id=8028, stack(0x0000000017a50000,0x0000000017b50000)]
  0x00000000163e6000 JavaThread "Attach Listener" daemon [_thread_blocked, id=14848, stack(0x0000000017950000,0x0000000017a50000)]
  0x00000000163e4800 JavaThread "Signal Dispatcher" daemon [_thread_blocked, id=3204, stack(0x0000000017850000,0x0000000017950000)]
  0x0000000002a6b800 JavaThread "Finalizer" daemon [_thread_blocked, id=6784, stack(0x0000000017640000,0x0000000017740000)]
  0x0000000002a60800 JavaThread "Reference Handler" daemon [_thread_blocked, id=2488, stack(0x0000000017540000,0x0000000017640000)]
  0x000000000283d800 JavaThread "main" [_thread_blocked, id=5976, stack(0x0000000002870000,0x0000000002970000)]

Other Threads:
  0x00000000163a8000 VMThread [stack: 0x0000000017440000,0x0000000017540000] [id=7804]
  0x000000001643d800 WatcherThread [stack: 0x0000000018250000,0x0000000018350000] [id=15772]

VM state:not at safepoint (normal execution)

VM Mutex/Monitor currently owned by a thread: None

Heap:
 PSYoungGen      total 385024K, used 244508K [0x00000000e0000000, 0x0000000100000000, 0x0000000100000000)
  eden space 307712K, 79% used [0x00000000e0000000,0x00000000eeec7380,0x00000000f2c80000)
  from space 77312K, 0% used [0x00000000f2c80000,0x00000000f2c80000,0x00000000f7800000)
  to   space 73728K, 0% used [0x00000000fb800000,0x00000000fb800000,0x0000000100000000)
 ParOldGen       total 194560K, used 176763K [0x00000000a0000000, 0x00000000abe00000, 0x00000000e0000000)
  object space 194560K, 90% used [0x00000000a0000000,0x00000000aac9ec60,0x00000000abe00000)
 Metaspace       used 84235K, capacity 86796K, committed 87128K, reserved 1126400K
  class space    used 10518K, capacity 11098K, committed 11136K, reserved 1048576K

Card table byte_map: [0x0000000011e30000,0x0000000012140000] byte_map_base: 0x0000000011930000

Marking Bits: (ParMarkBitMap*) 0x000000005c1d5aa0
 Begin Bits: [0x0000000012740000, 0x0000000013f40000)
 End Bits:   [0x0000000013f40000, 0x0000000015740000)

Polling page: 0x0000000000a10000

CodeCache: size=245760Kb used=48829Kb max_used=48911Kb free=196930Kb
 bounds [0x0000000002a70000, 0x0000000005ab0000, 0x0000000011a70000]
 total_blobs=15681 nmethods=14832 adapters=759
 compilation: enabled

Compilation events (10 events):
Event: 90.044 Thread 0x00000000163e0000 18170       3       com.android.tools.r8.graph.DexField::layeredCompareTo (50 bytes)
Event: 90.045 Thread 0x00000000163e0000 nmethod 18170 0x00000000034fe150 code [0x00000000034fe320, 0x00000000034fec68]
Event: 90.045 Thread 0x00000000163e8800 18171       4       com.android.tools.r8.graph.DexField::layeredCompareTo (10 bytes)
Event: 90.047 Thread 0x00000000163e8800 nmethod 18171 0x00000000044c1fd0 code [0x00000000044c2120, 0x00000000044c2258]
Event: 90.047 Thread 0x00000000163e8800 18172       4       com.android.tools.r8.graph.DexField::layeredCompareTo (50 bytes)
Event: 90.050 Thread 0x00000000163e8800 nmethod 18172 0x0000000005649a50 code [0x0000000005649ba0, 0x0000000005649cb8]
Event: 90.071 Thread 0x00000000163e0000 18173       3       com.android.tools.r8.graph.DexProto::layeredCompareTo (10 bytes)
Event: 90.072 Thread 0x00000000163e0000 nmethod 18173 0x000000000526a6d0 code [0x000000000526a860, 0x000000000526ad78]
Event: 90.072 Thread 0x00000000163e8800 18174       4       com.android.tools.r8.graph.DexProto::layeredCompareTo (10 bytes)
Event: 90.079 Thread 0x00000000163e8800 nmethod 18174 0x000000000357cc10 code [0x000000000357cd60, 0x000000000357d098]

GC Heap History (10 events):
Event: 80.238 GC heap before
{Heap before GC invocations=24 (full 4):
 PSYoungGen      total 254464K, used 217088K [0x00000000e0000000, 0x00000000f6f00000, 0x0000000100000000)
  eden space 217088K, 100% used [0x00000000e0000000,0x00000000ed400000,0x00000000ed400000)
  from space 37376K, 0% used [0x00000000ed400000,0x00000000ed400000,0x00000000ef880000)
  to   space 51200K, 0% used [0x00000000f3d00000,0x00000000f3d00000,0x00000000f6f00000)
 ParOldGen       total 192000K, used 89304K [0x00000000a0000000, 0x00000000abb80000, 0x00000000e0000000)
  object space 192000K, 46% used [0x00000000a0000000,0x00000000a5736068,0x00000000abb80000)
 Metaspace       used 82992K, capacity 85572K, committed 85848K, reserved 1124352K
  class space    used 10458K, capacity 11038K, committed 11136K, reserved 1048576K
Event: 80.284 GC heap after
Heap after GC invocations=24 (full 4):
 PSYoungGen      total 320512K, used 11040K [0x00000000e0000000, 0x00000000f6b00000, 0x0000000100000000)
  eden space 273408K, 0% used [0x00000000e0000000,0x00000000e0000000,0x00000000f0b00000)
  from space 47104K, 23% used [0x00000000f3d00000,0x00000000f47c81e8,0x00000000f6b00000)
  to   space 49152K, 0% used [0x00000000f0b00000,0x00000000f0b00000,0x00000000f3b00000)
 ParOldGen       total 192000K, used 89312K [0x00000000a0000000, 0x00000000abb80000, 0x00000000e0000000)
  object space 192000K, 46% used [0x00000000a0000000,0x00000000a5738068,0x00000000abb80000)
 Metaspace       used 82992K, capacity 85572K, committed 85848K, reserved 1124352K
  class space    used 10458K, capacity 11038K, committed 11136K, reserved 1048576K
}
Event: 83.517 GC heap before
{Heap before GC invocations=25 (full 4):
 PSYoungGen      total 320512K, used 284448K [0x00000000e0000000, 0x00000000f6b00000, 0x0000000100000000)
  eden space 273408K, 100% used [0x00000000e0000000,0x00000000f0b00000,0x00000000f0b00000)
  from space 47104K, 23% used [0x00000000f3d00000,0x00000000f47c81e8,0x00000000f6b00000)
  to   space 49152K, 0% used [0x00000000f0b00000,0x00000000f0b00000,0x00000000f3b00000)
 ParOldGen       total 192000K, used 89312K [0x00000000a0000000, 0x00000000abb80000, 0x00000000e0000000)
  object space 192000K, 46% used [0x00000000a0000000,0x00000000a5738068,0x00000000abb80000)
 Metaspace       used 83604K, capacity 86214K, committed 86360K, reserved 1124352K
  class space    used 10484K, capacity 11053K, committed 11136K, reserved 1048576K
Event: 83.529 GC heap after
Heap after GC invocations=25 (full 4):
 PSYoungGen      total 322560K, used 11911K [0x00000000e0000000, 0x00000000fa600000, 0x0000000100000000)
  eden space 273408K, 0% used [0x00000000e0000000,0x00000000e0000000,0x00000000f0b00000)
  from space 49152K, 24% used [0x00000000f0b00000,0x00000000f16a1d28,0x00000000f3b00000)
  to   space 47104K, 0% used [0x00000000f7800000,0x00000000f7800000,0x00000000fa600000)
 ParOldGen       total 192000K, used 91707K [0x00000000a0000000, 0x00000000abb80000, 0x00000000e0000000)
  object space 192000K, 47% used [0x00000000a0000000,0x00000000a598edf8,0x00000000abb80000)
 Metaspace       used 83604K, capacity 86214K, committed 86360K, reserved 1124352K
  class space    used 10484K, capacity 11053K, committed 11136K, reserved 1048576K
}
Event: 85.380 GC heap before
{Heap before GC invocations=26 (full 4):
 PSYoungGen      total 322560K, used 285319K [0x00000000e0000000, 0x00000000fa600000, 0x0000000100000000)
  eden space 273408K, 100% used [0x00000000e0000000,0x00000000f0b00000,0x00000000f0b00000)
  from space 49152K, 24% used [0x00000000f0b00000,0x00000000f16a1d28,0x00000000f3b00000)
  to   space 47104K, 0% used [0x00000000f7800000,0x00000000f7800000,0x00000000fa600000)
 ParOldGen       total 192000K, used 91707K [0x00000000a0000000, 0x00000000abb80000, 0x00000000e0000000)
  object space 192000K, 47% used [0x00000000a0000000,0x00000000a598edf8,0x00000000abb80000)
 Metaspace       used 84176K, capacity 86860K, committed 87128K, reserved 1126400K
  class space    used 10536K, capacity 11102K, committed 11136K, reserved 1048576K
Event: 85.566 GC heap after
Heap after GC invocations=26 (full 4):
 PSYoungGen      total 354816K, used 47079K [0x00000000e0000000, 0x00000000fed00000, 0x0000000100000000)
  eden space 307712K, 0% used [0x00000000e0000000,0x00000000e0000000,0x00000000f2c80000)
  from space 47104K, 99% used [0x00000000f7800000,0x00000000fa5f9ec0,0x00000000fa600000)
  to   space 77312K, 0% used [0x00000000f2c80000,0x00000000f2c80000,0x00000000f7800000)
 ParOldGen       total 192000K, used 151177K [0x00000000a0000000, 0x00000000abb80000, 0x00000000e0000000)
  object space 192000K, 78% used [0x00000000a0000000,0x00000000a93a2598,0x00000000abb80000)
 Metaspace       used 84176K, capacity 86860K, committed 87128K, reserved 1126400K
  class space    used 10536K, capacity 11102K, committed 11136K, reserved 1048576K
}
Event: 87.793 GC heap before
{Heap before GC invocations=27 (full 4):
 PSYoungGen      total 354816K, used 354791K [0x00000000e0000000, 0x00000000fed00000, 0x0000000100000000)
  eden space 307712K, 100% used [0x00000000e0000000,0x00000000f2c80000,0x00000000f2c80000)
  from space 47104K, 99% used [0x00000000f7800000,0x00000000fa5f9ec0,0x00000000fa600000)
  to   space 77312K, 0% used [0x00000000f2c80000,0x00000000f2c80000,0x00000000f7800000)
 ParOldGen       total 192000K, used 151177K [0x00000000a0000000, 0x00000000abb80000, 0x00000000e0000000)
  object space 192000K, 78% used [0x00000000a0000000,0x00000000a93a2598,0x00000000abb80000)
 Metaspace       used 84268K, capacity 86930K, committed 87128K, reserved 1126400K
  class space    used 10537K, capacity 11103K, committed 11136K, reserved 1048576K
Event: 87.908 GC heap after
Heap after GC invocations=27 (full 4):
 PSYoungGen      total 385024K, used 31052K [0x00000000e0000000, 0x0000000100000000, 0x0000000100000000)
  eden space 307712K, 0% used [0x00000000e0000000,0x00000000e0000000,0x00000000f2c80000)
  from space 77312K, 40% used [0x00000000f2c80000,0x00000000f4ad3250,0x00000000f7800000)
  to   space 73728K, 0% used [0x00000000fb800000,0x00000000fb800000,0x0000000100000000)
 ParOldGen       total 194560K, used 193695K [0x00000000a0000000, 0x00000000abe00000, 0x00000000e0000000)
  object space 194560K, 99% used [0x00000000a0000000,0x00000000abd27d58,0x00000000abe00000)
 Metaspace       used 84268K, capacity 86930K, committed 87128K, reserved 1126400K
  class space    used 10537K, capacity 11103K, committed 11136K, reserved 1048576K
}
Event: 87.908 GC heap before
{Heap before GC invocations=28 (full 5):
 PSYoungGen      total 385024K, used 31052K [0x00000000e0000000, 0x0000000100000000, 0x0000000100000000)
  eden space 307712K, 0% used [0x00000000e0000000,0x00000000e0000000,0x00000000f2c80000)
  from space 77312K, 40% used [0x00000000f2c80000,0x00000000f4ad3250,0x00000000f7800000)
  to   space 73728K, 0% used [0x00000000fb800000,0x00000000fb800000,0x0000000100000000)
 ParOldGen       total 194560K, used 193695K [0x00000000a0000000, 0x00000000abe00000, 0x00000000e0000000)
  object space 194560K, 99% used [0x00000000a0000000,0x00000000abd27d58,0x00000000abe00000)
 Metaspace       used 84268K, capacity 86930K, committed 87128K, reserved 1126400K
  class space    used 10537K, capacity 11103K, committed 11136K, reserved 1048576K
Event: 88.888 GC heap after
Heap after GC invocations=28 (full 5):
 PSYoungGen      total 385024K, used 0K [0x00000000e0000000, 0x0000000100000000, 0x0000000100000000)
  eden space 307712K, 0% used [0x00000000e0000000,0x00000000e0000000,0x00000000f2c80000)
  from space 77312K, 0% used [0x00000000f2c80000,0x00000000f2c80000,0x00000000f7800000)
  to   space 73728K, 0% used [0x00000000fb800000,0x00000000fb800000,0x0000000100000000)
 ParOldGen       total 194560K, used 176763K [0x00000000a0000000, 0x00000000abe00000, 0x00000000e0000000)
  object space 194560K, 90% used [0x00000000a0000000,0x00000000aac9ec60,0x00000000abe00000)
 Metaspace       used 84199K, capacity 86746K, committed 87128K, reserved 1126400K
  class space    used 10513K, capacity 11061K, committed 11136K, reserved 1048576K
}

Deoptimization events (10 events):
Event: 89.416 Thread 0x0000000028c95800 Uncommon trap: reason=bimorphic action=maybe_recompile pc=0x000000000583d4d8 method=com.android.tools.r8.graph.DexItemFactory.lambda$assignSortedIndices$1(Lcom/android/tools/r8/naming/NamingLens;Lcom/android/tools/r8/graph/PresortedComparable;Lcom/android
Event: 89.416 Thread 0x0000000028c95800 Uncommon trap: reason=bimorphic action=maybe_recompile pc=0x000000000583d4d8 method=com.android.tools.r8.graph.DexItemFactory.lambda$assignSortedIndices$1(Lcom/android/tools/r8/naming/NamingLens;Lcom/android/tools/r8/graph/PresortedComparable;Lcom/android
Event: 89.416 Thread 0x0000000028c95800 Uncommon trap: reason=bimorphic action=maybe_recompile pc=0x000000000583d4d8 method=com.android.tools.r8.graph.DexItemFactory.lambda$assignSortedIndices$1(Lcom/android/tools/r8/naming/NamingLens;Lcom/android/tools/r8/graph/PresortedComparable;Lcom/android
Event: 89.416 Thread 0x0000000028c95800 Uncommon trap: reason=bimorphic action=maybe_recompile pc=0x000000000583d4d8 method=com.android.tools.r8.graph.DexItemFactory.lambda$assignSortedIndices$1(Lcom/android/tools/r8/naming/NamingLens;Lcom/android/tools/r8/graph/PresortedComparable;Lcom/android
Event: 89.475 Thread 0x0000000028c95800 Uncommon trap: reason=unloaded action=reinterpret pc=0x0000000005850954 method=com.android.tools.r8.code.BaseInstructionFactory.create(IILcom/android/tools/r8/code/BytecodeStream;Lcom/android/tools/r8/graph/OffsetToObjectMapping;)Lcom/android/tools/r8/cod
Event: 89.576 Thread 0x0000000028c93800 Uncommon trap: reason=array_check action=maybe_recompile pc=0x0000000005a62600 method=java.util.TimSort.mergeLo(IIII)V @ 133
Event: 89.576 Thread 0x0000000028c93800 Uncommon trap: reason=array_check action=maybe_recompile pc=0x0000000005a62600 method=java.util.TimSort.mergeLo(IIII)V @ 133
Event: 89.576 Thread 0x0000000028c93800 Uncommon trap: reason=array_check action=maybe_recompile pc=0x00000000055b7d44 method=java.util.TimSort.mergeHi(IIII)V @ 282
Event: 89.576 Thread 0x0000000028c93800 Uncommon trap: reason=array_check action=maybe_recompile pc=0x00000000055b81f0 method=java.util.TimSort.mergeHi(IIII)V @ 171
Event: 89.579 Thread 0x0000000028c93800 Uncommon trap: reason=unstable_if action=reinterpret pc=0x00000000056fff58 method=com.android.tools.r8.dex.DexOutputBuffer.ensureSpaceFor(I)V @ 8

Classes redefined (0 events):
No events

Internal exceptions (10 events):
Event: 88.961 Thread 0x0000000028c95800 Exception <a 'sun/nio/fs/WindowsException'> (0x00000000e0321f80) thrown at [D:\src\AOSP-openjdk-cygwin\jdk8u\hotspot\src\share\vm\prims\jni.cpp, line 709]
Event: 89.185 Thread 0x0000000019573800 Exception <a 'sun/nio/fs/WindowsException'> (0x00000000e05e4fa8) thrown at [D:\src\AOSP-openjdk-cygwin\jdk8u\hotspot\src\share\vm\prims\jni.cpp, line 709]
Event: 89.216 Thread 0x0000000028c90800 Exception <a 'sun/nio/fs/WindowsException'> (0x00000000e08cdff0) thrown at [D:\src\AOSP-openjdk-cygwin\jdk8u\hotspot\src\share\vm\prims\jni.cpp, line 709]
Event: 89.235 Thread 0x0000000028c95800 Exception <a 'sun/nio/fs/WindowsException'> (0x00000000e2ff0c40) thrown at [D:\src\AOSP-openjdk-cygwin\jdk8u\hotspot\src\share\vm\prims\jni.cpp, line 709]
Event: 89.268 Thread 0x0000000028c96800 Exception <a 'sun/nio/fs/WindowsException'> (0x00000000e3b55010) thrown at [D:\src\AOSP-openjdk-cygwin\jdk8u\hotspot\src\share\vm\prims\jni.cpp, line 709]
Event: 89.355 Thread 0x0000000028c92000 Exception <a 'sun/nio/fs/WindowsException'> (0x00000000e520be08) thrown at [D:\src\AOSP-openjdk-cygwin\jdk8u\hotspot\src\share\vm\prims\jni.cpp, line 709]
Event: 89.413 Thread 0x0000000028c95800 Implicit null exception at 0x00000000046e070f to 0x00000000046e096d
Event: 89.427 Thread 0x0000000028c93800 Exception <a 'sun/nio/fs/WindowsException'> (0x00000000e7528138) thrown at [D:\src\AOSP-openjdk-cygwin\jdk8u\hotspot\src\share\vm\prims\jni.cpp, line 709]
Event: 89.444 Thread 0x0000000028c93800 Exception <a 'sun/nio/fs/WindowsException'> (0x00000000e75af198) thrown at [D:\src\AOSP-openjdk-cygwin\jdk8u\hotspot\src\share\vm\prims\jni.cpp, line 709]
Event: 89.624 Thread 0x0000000028c93800 Exception <a 'sun/nio/fs/WindowsException'> (0x00000000eace7488) thrown at [D:\src\AOSP-openjdk-cygwin\jdk8u\hotspot\src\share\vm\prims\jni.cpp, line 709]

Events (10 events):
Event: 89.911 Thread 0x00000000163e0000 flushing nmethod 0x00000000049ccb50
Event: 89.912 Thread 0x00000000163e0000 flushing nmethod 0x0000000004bb0b90
Event: 89.915 Thread 0x00000000163e8800 flushing nmethod 0x0000000004ef3e10
Event: 89.916 Thread 0x00000000163e8800 flushing nmethod 0x0000000004f41750
Event: 89.916 Thread 0x00000000163e8800 flushing nmethod 0x0000000004ff1650
Event: 89.916 Thread 0x00000000163e8800 flushing nmethod 0x000000000506d990
Event: 89.918 Thread 0x00000000163e0000 flushing nmethod 0x0000000005129cd0
Event: 89.918 Thread 0x00000000163e0000 flushing nmethod 0x000000000519c450
Event: 89.918 Thread 0x00000000163e0000 flushing nmethod 0x00000000051eab50
Event: 89.921 Thread 0x00000000163e8800 flushing nmethod 0x0000000005651090


Dynamic libraries:
0x00007ff6fd5f0000 - 0x00007ff6fd621000 	C:\Program Files\Android\Android Studio\jre\bin\java.exe
0x00007ffba4f80000 - 0x00007ffba5161000 	C:\WINDOWS\SYSTEM32\ntdll.dll
0x00007ffba3850000 - 0x00007ffba3901000 	C:\WINDOWS\System32\KERNEL32.DLL
0x00007ffba1350000 - 0x00007ffba15c3000 	C:\WINDOWS\System32\KERNELBASE.dll
0x00007ffba4830000 - 0x00007ffba48d1000 	C:\WINDOWS\System32\ADVAPI32.dll
0x00007ffba39a0000 - 0x00007ffba3a3e000 	C:\WINDOWS\System32\msvcrt.dll
0x00007ffba4d90000 - 0x00007ffba4deb000 	C:\WINDOWS\System32\sechost.dll
0x00007ffba3c50000 - 0x00007ffba3d74000 	C:\WINDOWS\System32\RPCRT4.dll
0x00007ffba3ac0000 - 0x00007ffba3c50000 	C:\WINDOWS\System32\USER32.dll
0x00007ffba15d0000 - 0x00007ffba15f0000 	C:\WINDOWS\System32\win32u.dll
0x00007ffba3a40000 - 0x00007ffba3a68000 	C:\WINDOWS\System32\GDI32.dll
0x00007ffba1710000 - 0x00007ffba18a2000 	C:\WINDOWS\System32\gdi32full.dll
0x00007ffba15f0000 - 0x00007ffba168f000 	C:\WINDOWS\System32\msvcp_win.dll
0x00007ffba18b0000 - 0x00007ffba19a8000 	C:\WINDOWS\System32\ucrtbase.dll
0x00007ffb94d30000 - 0x00007ffb94f99000 	C:\WINDOWS\WinSxS\amd64_microsoft.windows.common-controls_6595b64144ccf1df_6.0.17134.706_none_fb43a2cb30647007\COMCTL32.dll
0x00007ffba4500000 - 0x00007ffba4822000 	C:\WINDOWS\System32\combase.dll
0x00007ffba1690000 - 0x00007ffba170a000 	C:\WINDOWS\System32\bcryptPrimitives.dll
0x00007ffba3a70000 - 0x00007ffba3a9d000 	C:\WINDOWS\System32\IMM32.DLL
0x000000005b6a0000 - 0x000000005b772000 	C:\Program Files\Android\Android Studio\jre\jre\bin\msvcr100.dll
0x000000005ba10000 - 0x000000005c251000 	C:\Program Files\Android\Android Studio\jre\jre\bin\server\jvm.dll
0x00007ffba41d0000 - 0x00007ffba41d8000 	C:\WINDOWS\System32\PSAPI.DLL
0x00007ffb8a430000 - 0x00007ffb8a439000 	C:\WINDOWS\SYSTEM32\WSOCK32.dll
0x00007ffb9f330000 - 0x00007ffb9f353000 	C:\WINDOWS\SYSTEM32\WINMM.dll
0x00007ffb99af0000 - 0x00007ffb99afa000 	C:\WINDOWS\SYSTEM32\VERSION.dll
0x00007ffb9eee0000 - 0x00007ffb9ef0a000 	C:\WINDOWS\SYSTEM32\winmmbase.dll
0x00007ffba1ba0000 - 0x00007ffba1be9000 	C:\WINDOWS\System32\cfgmgr32.dll
0x00007ffba3ef0000 - 0x00007ffba3f5c000 	C:\WINDOWS\System32\WS2_32.dll
0x00007ffb9ffa0000 - 0x00007ffb9ffaf000 	C:\Program Files\Android\Android Studio\jre\jre\bin\verify.dll
0x00007ffb9f510000 - 0x00007ffb9f539000 	C:\Program Files\Android\Android Studio\jre\jre\bin\java.dll
0x00007ffb9a410000 - 0x00007ffb9a426000 	C:\Program Files\Android\Android Studio\jre\jre\bin\zip.dll
0x00007ffba2410000 - 0x00007ffba3850000 	C:\WINDOWS\System32\SHELL32.dll
0x00007ffba4450000 - 0x00007ffba44f9000 	C:\WINDOWS\System32\shcore.dll
0x00007ffba1bf0000 - 0x00007ffba22fd000 	C:\WINDOWS\System32\windows.storage.dll
0x00007ffba4390000 - 0x00007ffba43e1000 	C:\WINDOWS\System32\shlwapi.dll
0x00007ffba12f0000 - 0x00007ffba1301000 	C:\WINDOWS\System32\kernel.appcore.dll
0x00007ffba1310000 - 0x00007ffba132f000 	C:\WINDOWS\System32\profapi.dll
0x00007ffba1290000 - 0x00007ffba12dc000 	C:\WINDOWS\System32\powrprof.dll
0x00007ffba12e0000 - 0x00007ffba12ea000 	C:\WINDOWS\System32\FLTLIB.DLL
0x00007ffb9a2e0000 - 0x00007ffb9a2fa000 	C:\Program Files\Android\Android Studio\jre\jre\bin\net.dll
0x00007ffba0ab0000 - 0x00007ffba0b16000 	C:\WINDOWS\system32\mswsock.dll
0x00007ffb98270000 - 0x00007ffb98281000 	C:\Program Files\Android\Android Studio\jre\jre\bin\nio.dll
0x00007ffb97a40000 - 0x00007ffb97a5e000 	C:\Users\bersi\.gradle\native\25\windows-amd64\native-platform.dll
0x00007ffb9f500000 - 0x00007ffb9f50d000 	C:\Program Files\Android\Android Studio\jre\jre\bin\management.dll
0x00007ffba0c60000 - 0x00007ffba0c77000 	C:\WINDOWS\SYSTEM32\CRYPTSP.dll
0x00007ffba0690000 - 0x00007ffba06c3000 	C:\WINDOWS\system32\rsaenh.dll
0x00007ffba0d90000 - 0x00007ffba0db5000 	C:\WINDOWS\SYSTEM32\bcrypt.dll
0x00007ffba11c0000 - 0x00007ffba11e8000 	C:\WINDOWS\SYSTEM32\USERENV.dll
0x00007ffba0c80000 - 0x00007ffba0c8b000 	C:\WINDOWS\SYSTEM32\CRYPTBASE.dll
0x00007ffba0830000 - 0x00007ffba0868000 	C:\WINDOWS\SYSTEM32\IPHLPAPI.DLL
0x00007ffba4380000 - 0x00007ffba4388000 	C:\WINDOWS\System32\NSI.dll
0x00007ffb99a50000 - 0x00007ffb99a66000 	C:\WINDOWS\SYSTEM32\dhcpcsvc6.DLL
0x00007ffb99a30000 - 0x00007ffb99a4a000 	C:\WINDOWS\SYSTEM32\dhcpcsvc.DLL
0x00007ffba03b0000 - 0x00007ffba03e1000 	C:\WINDOWS\SYSTEM32\ntmarta.dll

VM Arguments:
jvm_args: -Xmx1536m -Dfile.encoding=windows-1252 -Duser.country=BR -Duser.language=pt -Duser.variant 
java_command: org.gradle.launcher.daemon.bootstrap.GradleDaemon 4.10.1
java_class_path (initial): C:\Users\bersi\.gradle\wrapper\dists\gradle-4.10.1-all\455itskqi2qtf0v2sja68alqd\gradle-4.10.1\lib\gradle-launcher-4.10.1.jar
Launcher Type: SUN_STANDARD

Environment Variables:
PATH=C:\Program Files (x86)\Common Files\Oracle\Java\javapath;C:\WINDOWS\system32;C:\WINDOWS;C:\WINDOWS\System32\Wbem;C:\WINDOWS\System32\WindowsPowerShell\v1.0\;C:\WINDOWS\System32\OpenSSH\;C:\MinGW\bin;C:\Program Files\Git\cmd;C:\Program Files (x86)\NVIDIA Corporation\PhysX\Common;C:\Program Files\PuTTY\;C:\Program Files\NVIDIA Corporation\NVIDIA NvDLISR;"C:\Users\bersi\AppData\Local\Microsoft\WindowsApps; C:\MinGW\bin";
USERNAME=Bur
OS=Windows_NT
PROCESSOR_IDENTIFIER=Intel64 Family 6 Model 58 Stepping 9, GenuineIntel



---------------  S Y S T E M  ---------------

OS: Windows 10.0 , 64 bit Build 17134 (10.0.17134.706)

CPU:total 4 (initial active 4) (2 cores per cpu, 2 threads per core) family 6 model 58 stepping 9, cmov, cx8, fxsr, mmx, sse, sse2, sse3, ssse3, sse4.1, sse4.2, popcnt, avx, aes, clmul, erms, ht, tsc, tscinvbit, tscinv

Memory: 4k page, physical 6147072k(415708k free), swap 7195648k(5364k free)

vm_info: OpenJDK 64-Bit Server VM (25.152-b01) for windows-amd64 JRE (1.8.0_152-release-1248-b01), built by "builder" with MS VC++ 10.0 (VS2010)

time: Fri Apr 19 01:18:26 2019
elapsed time: 90 seconds (0d 0h 1m 30s)

