#
# There is insufficient memory for the Java Runtime Environment to continue.
# Native memory allocation (malloc) failed to allocate 1065616 bytes for Chunk::new
# Possible reasons:
#   The system is out of physical RAM or swap space
#   In 32 bit mode, the process size limit was hit
# Possible solutions:
#   Reduce memory load on the system
#   Increase physical memory or swap space
#   Check if swap backing store is full
#   Use 64 bit Java on a 64 bit OS
#   Decrease Java heap size (-Xmx/-Xms)
#   Decrease number of Java threads
#   Decrease Java thread stack sizes (-Xss)
#   Set larger code cache with -XX:ReservedCodeCacheSize=
# This output file may be truncated or incomplete.
#
#  Out of Memory Error (allocation.cpp:390), pid=3692, tid=0x0000000000003dc0
#
# JRE version: OpenJDK Runtime Environment (8.0_152-b01) (build 1.8.0_152-release-1248-b01)
# Java VM: OpenJDK 64-Bit Server VM (25.152-b01 mixed mode windows-amd64 compressed oops)
# Failed to write core dump. Minidumps are not enabled by default on client versions of Windows
#

---------------  T H R E A D  ---------------

Current thread (0x0000000016568000):  JavaThread "C2 CompilerThread0" daemon [_thread_in_native, id=15808, stack(0x0000000017be0000,0x0000000017ce0000)]

Stack: [0x0000000017be0000,0x0000000017ce0000]
[error occurred during error reporting (printing stack bounds), id 0xc0000005]

Native frames: (J=compiled Java code, j=interpreted, Vv=VM code, C=native code)


Current CompileTask:
C2:8919751 23206       4       org.gradle.api.internal.file.collections.DefaultFileCollectionResolveContext::doResolve (393 bytes)


---------------  P R O C E S S  ---------------

Java Threads: ( => current thread )
  0x000000001e180800 JavaThread "Cache worker for Build Output Cleanup Cache (C:\Users\bersi\AndroidStudioProjects\Github\2019-04-06\bora_la\.gradle\buildOutputCleanup)" [_thread_blocked, id=3104, stack(0x00000000427f0000,0x00000000428f0000)]
  0x0000000018b80000 JavaThread "Cache worker for task history cache (C:\Users\bersi\AndroidStudioProjects\Github\2019-04-06\bora_la\.gradle\4.10.1\taskHistory)" [_thread_blocked, id=1732, stack(0x00000000426f0000,0x00000000427f0000)]
  0x0000000018b7e800 JavaThread "Task worker for ':' Thread 3" [_thread_blocked, id=14308, stack(0x00000000425f0000,0x00000000426f0000)]
  0x0000000018b7d800 JavaThread "Task worker for ':' Thread 2" [_thread_blocked, id=10520, stack(0x00000000424f0000,0x00000000425f0000)]
  0x0000000018b7c000 JavaThread "Task worker for ':'" [_thread_blocked, id=592, stack(0x00000000423f0000,0x00000000424f0000)]
  0x0000000018b7b800 JavaThread "Cache worker for file content cache (C:\Users\bersi\AndroidStudioProjects\Github\2019-04-06\bora_la\.gradle\4.10.1\fileContent)" [_thread_blocked, id=2384, stack(0x00000000422f0000,0x00000000423f0000)]
  0x0000000018b7a800 JavaThread "pool-52-thread-1" [_thread_blocked, id=11360, stack(0x00000000421f0000,0x00000000422f0000)]
  0x0000000018b80800 JavaThread "Build operations Thread 4" [_thread_blocked, id=11032, stack(0x00000000420f0000,0x00000000421f0000)]
  0x0000000018b7a000 JavaThread "Build operations Thread 3" [_thread_in_native, id=10068, stack(0x0000000041ff0000,0x00000000420f0000)]
  0x0000000018b7d000 JavaThread "Build operations Thread 2" [_thread_blocked, id=9388, stack(0x0000000041ef0000,0x0000000041ff0000)]
  0x000000001b279000 JavaThread "Build operations" [_thread_blocked, id=2220, stack(0x0000000041df0000,0x0000000041ef0000)]
  0x000000001b277800 JavaThread "Cache worker for cache directory md-rule (C:\Users\bersi\.gradle\caches\4.10.1\md-rule)" [_thread_blocked, id=5232, stack(0x0000000041cf0000,0x0000000041df0000)]
  0x000000001b27e800 JavaThread "Cache worker for cache directory md-supplier (C:\Users\bersi\.gradle\caches\4.10.1\md-supplier)" [_thread_blocked, id=2268, stack(0x0000000041bf0000,0x0000000041cf0000)]
  0x000000001b277000 JavaThread "Cache worker for file hash cache (C:\Users\bersi\AndroidStudioProjects\Github\2019-04-06\bora_la\.gradle\4.10.1\fileHashes)" [_thread_blocked, id=4972, stack(0x0000000041af0000,0x0000000041bf0000)]
  0x000000001b276000 JavaThread "Stdin handler" [_thread_blocked, id=3324, stack(0x00000000419f0000,0x0000000041af0000)]
  0x000000001b278800 JavaThread "Asynchronous log dispatcher for DefaultDaemonConnection: socket connection from /127.0.0.1:55159 to /127.0.0.1:49152" [_thread_blocked, id=9932, stack(0x00000000418f0000,0x00000000419f0000)]
  0x000000001b275800 JavaThread "Daemon worker Thread 18" [_thread_blocked, id=3700, stack(0x00000000417f0000,0x00000000418f0000)]
  0x000000001b27c000 JavaThread "Cancel handler" [_thread_blocked, id=12344, stack(0x00000000416f0000,0x00000000417f0000)]
  0x000000001b274000 JavaThread "Handler for socket connection from /127.0.0.1:55159 to /127.0.0.1:49152" [_thread_in_native, id=2236, stack(0x00000000415f0000,0x00000000416f0000)]
  0x000000001b272800 JavaThread "Daemon Thread 18" [_thread_blocked, id=3416, stack(0x00000000414f0000,0x00000000415f0000)]
  0x000000001e184800 JavaThread "Cache worker for Java compile cache (C:\Users\bersi\.gradle\caches\4.10.1\javaCompile)" [_thread_blocked, id=7724, stack(0x0000000029ef0000,0x0000000029ff0000)]
  0x000000001b27d800 JavaThread "Cache worker for file content cache (C:\Users\bersi\.gradle\caches\4.10.1\fileContent)" [_thread_blocked, id=9544, stack(0x00000000297f0000,0x00000000298f0000)]
  0x000000001b27a000 JavaThread "Memory manager" [_thread_blocked, id=10028, stack(0x0000000022a60000,0x0000000022b60000)]
  0x000000001afb6000 JavaThread "Cache worker for Artifact transforms cache (C:\Users\bersi\.gradle\caches\transforms-1)" [_thread_blocked, id=11580, stack(0x0000000020260000,0x0000000020360000)]
  0x000000001afb5000 JavaThread "Cache worker for journal cache (C:\Users\bersi\.gradle\caches\journal-1)" [_thread_blocked, id=16168, stack(0x000000001d300000,0x000000001d400000)]
  0x0000000019c07000 JavaThread "File lock request listener" [_thread_in_native, id=14892, stack(0x000000001c010000,0x000000001c110000)]
  0x0000000019c06000 JavaThread "Cache worker for file hash cache (C:\Users\bersi\.gradle\caches\4.10.1\fileHashes)" [_thread_blocked, id=9436, stack(0x000000001bf10000,0x000000001c010000)]
  0x0000000019526800 JavaThread "Daemon periodic checks" [_thread_blocked, id=9892, stack(0x000000001a440000,0x000000001a540000)]
  0x0000000019317800 JavaThread "Incoming local TCP Connector on port 55159" [_thread_in_native, id=15856, stack(0x000000001a1f0000,0x000000001a2f0000)]
  0x0000000017f00800 JavaThread "Service Thread" daemon [_thread_blocked, id=15396, stack(0x00000000182e0000,0x00000000183e0000)]
  0x0000000016560000 JavaThread "C1 CompilerThread2" daemon [_thread_blocked, id=7644, stack(0x0000000017de0000,0x0000000017ee0000)]
  0x000000001655c800 JavaThread "C2 CompilerThread1" daemon [_thread_blocked, id=14000, stack(0x0000000017ce0000,0x0000000017de0000)]
=>0x0000000016568000 JavaThread "C2 CompilerThread0" daemon [_thread_in_native, id=15808, stack(0x0000000017be0000,0x0000000017ce0000)]
  0x0000000016566000 JavaThread "Attach Listener" daemon [_thread_blocked, id=8124, stack(0x0000000017ae0000,0x0000000017be0000)]
  0x0000000016564800 JavaThread "Signal Dispatcher" daemon [_thread_blocked, id=6000, stack(0x00000000179e0000,0x0000000017ae0000)]
  0x0000000002beb800 JavaThread "Finalizer" daemon [_thread_blocked, id=16040, stack(0x00000000177d0000,0x00000000178d0000)]
  0x0000000002be0800 JavaThread "Reference Handler" daemon [_thread_blocked, id=7688, stack(0x00000000176d0000,0x00000000177d0000)]
  0x00000000029ed800 JavaThread "main" [_thread_blocked, id=10324, stack(0x00000000029f0000,0x0000000002af0000)]

Other Threads:
  0x0000000016528000 VMThread [stack: 0x00000000175d0000,0x00000000176d0000] [id=10136]
  0x00000000165be800 WatcherThread [stack: 0x00000000183e0000,0x00000000184e0000] [id=2432]

VM state:not at safepoint (normal execution)

VM Mutex/Monitor currently owned by a thread: None

Heap:
 PSYoungGen      total 374784K, used 77282K [0x00000000e0000000, 0x00000000f8d00000, 0x0000000100000000)
  eden space 347136K, 17% used [0x00000000e0000000,0x00000000e39f1ab0,0x00000000f5300000)
  from space 27648K, 64% used [0x00000000f7200000,0x00000000f83870f8,0x00000000f8d00000)
  to   space 29696K, 0% used [0x00000000f5300000,0x00000000f5300000,0x00000000f7000000)
 ParOldGen       total 181248K, used 86354K [0x00000000a0000000, 0x00000000ab100000, 0x00000000e0000000)
  object space 181248K, 47% used [0x00000000a0000000,0x00000000a5454bb8,0x00000000ab100000)
 Metaspace       used 101240K, capacity 110560K, committed 110680K, reserved 1144832K
  class space    used 13153K, capacity 15699K, committed 15704K, reserved 1048576K

Card table byte_map: [0x0000000011fb0000,0x00000000122c0000] byte_map_base: 0x0000000011ab0000

Marking Bits: (ParMarkBitMap*) 0x000000005c1d5aa0
 Begin Bits: [0x00000000128c0000, 0x00000000140c0000)
 End Bits:   [0x00000000140c0000, 0x00000000158c0000)

Polling page: 0x0000000000b90000

CodeCache: size=245760Kb used=66193Kb max_used=66208Kb free=179566Kb
 bounds [0x0000000002bf0000, 0x0000000006d00000, 0x0000000011bf0000]
 total_blobs=19443 nmethods=18532 adapters=822
 compilation: enabled

Compilation events (10 events):
Event: 8916.278 Thread 0x0000000016560000 23240       3       org.gradle.api.internal.artifacts.repositories.DefaultMavenArtifactRepository_Decorated::getAuthenticationSchemes (37 bytes)
Event: 8916.281 Thread 0x0000000016560000 nmethod 23240 0x0000000006cee6d0 code [0x0000000006cee980, 0x0000000006cefbc8]
Event: 8916.284 Thread 0x0000000016560000 23241       3       org.gradle.api.internal.artifacts.repositories.AbstractAuthenticationSupportedRepository::getAuthenticationSchemes (16 bytes)
Event: 8916.285 Thread 0x0000000016560000 nmethod 23241 0x0000000006cf0650 code [0x0000000006cf0820, 0x0000000006cf0f38]
Event: 8916.287 Thread 0x0000000016560000 23242       3       org.gradle.api.internal.artifacts.repositories.AbstractAuthenticationSupportedRepository$1::<init> (10 bytes)
Event: 8916.287 Thread 0x0000000016560000 nmethod 23242 0x0000000002e28e90 code [0x0000000002e28fe0, 0x0000000002e291b0]
Event: 8916.288 Thread 0x0000000016560000 23243       3       org.gradle.api.internal.artifacts.repositories.DefaultMavenArtifactRepository$MavenMetadataSources::asList (58 bytes)
Event: 8916.290 Thread 0x0000000016560000 nmethod 23243 0x0000000006cf12d0 code [0x0000000006cf1540, 0x0000000006cf2708]
Event: 8916.374 Thread 0x000000001655c800 23244       4       org.gradle.internal.component.local.model.DslOriginDependencyMetadataWrapper::selectConfigurations (13 bytes)
Event: 8916.375 Thread 0x000000001655c800 nmethod 23244 0x000000000320b390 code [0x000000000320b4e0, 0x000000000320b5a8]

GC Heap History (10 events):
Event: 8062.372 GC heap before
{Heap before GC invocations=34 (full 4):
 PSYoungGen      total 357888K, used 340636K [0x00000000e0000000, 0x00000000f8a80000, 0x0000000100000000)
  eden space 324096K, 100% used [0x00000000e0000000,0x00000000f3c80000,0x00000000f3c80000)
  from space 33792K, 48% used [0x00000000f3c80000,0x00000000f4ca7078,0x00000000f5d80000)
  to   space 32768K, 0% used [0x00000000f6a80000,0x00000000f6a80000,0x00000000f8a80000)
 ParOldGen       total 181248K, used 86322K [0x00000000a0000000, 0x00000000ab100000, 0x00000000e0000000)
  object space 181248K, 47% used [0x00000000a0000000,0x00000000a544cbb8,0x00000000ab100000)
 Metaspace       used 99528K, capacity 107490K, committed 107736K, reserved 1142784K
  class space    used 12875K, capacity 14938K, committed 15064K, reserved 1048576K
Event: 8062.419 GC heap after
Heap after GC invocations=34 (full 4):
 PSYoungGen      total 363008K, used 18428K [0x00000000e0000000, 0x00000000f8580000, 0x0000000100000000)
  eden space 335360K, 0% used [0x00000000e0000000,0x00000000e0000000,0x00000000f4780000)
  from space 27648K, 66% used [0x00000000f6a80000,0x00000000f7c7f078,0x00000000f8580000)
  to   space 31744K, 0% used [0x00000000f4780000,0x00000000f4780000,0x00000000f6680000)
 ParOldGen       total 181248K, used 86322K [0x00000000a0000000, 0x00000000ab100000, 0x00000000e0000000)
  object space 181248K, 47% used [0x00000000a0000000,0x00000000a544cbb8,0x00000000ab100000)
 Metaspace       used 99528K, capacity 107490K, committed 107736K, reserved 1142784K
  class space    used 12875K, capacity 14938K, committed 15064K, reserved 1048576K
}
Event: 8178.014 GC heap before
{Heap before GC invocations=35 (full 4):
 PSYoungGen      total 363008K, used 353776K [0x00000000e0000000, 0x00000000f8580000, 0x0000000100000000)
  eden space 335360K, 99% used [0x00000000e0000000,0x00000000f477d288,0x00000000f4780000)
  from space 27648K, 66% used [0x00000000f6a80000,0x00000000f7c7f078,0x00000000f8580000)
  to   space 31744K, 0% used [0x00000000f4780000,0x00000000f4780000,0x00000000f6680000)
 ParOldGen       total 181248K, used 86322K [0x00000000a0000000, 0x00000000ab100000, 0x00000000e0000000)
  object space 181248K, 47% used [0x00000000a0000000,0x00000000a544cbb8,0x00000000ab100000)
 Metaspace       used 99902K, capacity 108118K, committed 108376K, reserved 1142784K
  class space    used 12943K, capacity 15128K, committed 15192K, reserved 1048576K
Event: 8178.052 GC heap after
Heap after GC invocations=35 (full 4):
 PSYoungGen      total 367104K, used 15852K [0x00000000e0000000, 0x00000000f8d00000, 0x0000000100000000)
  eden space 335360K, 0% used [0x00000000e0000000,0x00000000e0000000,0x00000000f4780000)
  from space 31744K, 49% used [0x00000000f4780000,0x00000000f56fb188,0x00000000f6680000)
  to   space 30720K, 0% used [0x00000000f6f00000,0x00000000f6f00000,0x00000000f8d00000)
 ParOldGen       total 181248K, used 86330K [0x00000000a0000000, 0x00000000ab100000, 0x00000000e0000000)
  object space 181248K, 47% used [0x00000000a0000000,0x00000000a544ebb8,0x00000000ab100000)
 Metaspace       used 99902K, capacity 108118K, committed 108376K, reserved 1142784K
  class space    used 12943K, capacity 15128K, committed 15192K, reserved 1048576K
}
Event: 8406.506 GC heap before
{Heap before GC invocations=36 (full 4):
 PSYoungGen      total 367104K, used 351212K [0x00000000e0000000, 0x00000000f8d00000, 0x0000000100000000)
  eden space 335360K, 100% used [0x00000000e0000000,0x00000000f4780000,0x00000000f4780000)
  from space 31744K, 49% used [0x00000000f4780000,0x00000000f56fb188,0x00000000f6680000)
  to   space 30720K, 0% used [0x00000000f6f00000,0x00000000f6f00000,0x00000000f8d00000)
 ParOldGen       total 181248K, used 86330K [0x00000000a0000000, 0x00000000ab100000, 0x00000000e0000000)
  object space 181248K, 47% used [0x00000000a0000000,0x00000000a544ebb8,0x00000000ab100000)
 Metaspace       used 100500K, capacity 109206K, committed 109400K, reserved 1142784K
  class space    used 13019K, capacity 15330K, committed 15448K, reserved 1048576K
Event: 8406.532 GC heap after
Heap after GC invocations=36 (full 4):
 PSYoungGen      total 372736K, used 21038K [0x00000000e0000000, 0x00000000f8c00000, 0x0000000100000000)
  eden space 343040K, 0% used [0x00000000e0000000,0x00000000e0000000,0x00000000f4f00000)
  from space 29696K, 70% used [0x00000000f6f00000,0x00000000f838b920,0x00000000f8c00000)
  to   space 31232K, 0% used [0x00000000f4f00000,0x00000000f4f00000,0x00000000f6d80000)
 ParOldGen       total 181248K, used 86338K [0x00000000a0000000, 0x00000000ab100000, 0x00000000e0000000)
  object space 181248K, 47% used [0x00000000a0000000,0x00000000a5450bb8,0x00000000ab100000)
 Metaspace       used 100500K, capacity 109206K, committed 109400K, reserved 1142784K
  class space    used 13019K, capacity 15330K, committed 15448K, reserved 1048576K
}
Event: 8692.711 GC heap before
{Heap before GC invocations=37 (full 4):
 PSYoungGen      total 372736K, used 364078K [0x00000000e0000000, 0x00000000f8c00000, 0x0000000100000000)
  eden space 343040K, 100% used [0x00000000e0000000,0x00000000f4f00000,0x00000000f4f00000)
  from space 29696K, 70% used [0x00000000f6f00000,0x00000000f838b920,0x00000000f8c00000)
  to   space 31232K, 0% used [0x00000000f4f00000,0x00000000f4f00000,0x00000000f6d80000)
 ParOldGen       total 181248K, used 86338K [0x00000000a0000000, 0x00000000ab100000, 0x00000000e0000000)
  object space 181248K, 47% used [0x00000000a0000000,0x00000000a5450bb8,0x00000000ab100000)
 Metaspace       used 100939K, capacity 110022K, committed 110040K, reserved 1144832K
  class space    used 13102K, capacity 15567K, committed 15576K, reserved 1048576K
Event: 8692.736 GC heap after
Heap after GC invocations=37 (full 4):
 PSYoungGen      total 374272K, used 19534K [0x00000000e0000000, 0x00000000f9000000, 0x0000000100000000)
  eden space 343040K, 0% used [0x00000000e0000000,0x00000000e0000000,0x00000000f4f00000)
  from space 31232K, 62% used [0x00000000f4f00000,0x00000000f62139a8,0x00000000f6d80000)
  to   space 30720K, 0% used [0x00000000f7200000,0x00000000f7200000,0x00000000f9000000)
 ParOldGen       total 181248K, used 86346K [0x00000000a0000000, 0x00000000ab100000, 0x00000000e0000000)
  object space 181248K, 47% used [0x00000000a0000000,0x00000000a5452bb8,0x00000000ab100000)
 Metaspace       used 100939K, capacity 110022K, committed 110040K, reserved 1144832K
  class space    used 13102K, capacity 15567K, committed 15576K, reserved 1048576K
}
Event: 8915.877 GC heap before
{Heap before GC invocations=38 (full 4):
 PSYoungGen      total 374272K, used 362574K [0x00000000e0000000, 0x00000000f9000000, 0x0000000100000000)
  eden space 343040K, 100% used [0x00000000e0000000,0x00000000f4f00000,0x00000000f4f00000)
  from space 31232K, 62% used [0x00000000f4f00000,0x00000000f62139a8,0x00000000f6d80000)
  to   space 30720K, 0% used [0x00000000f7200000,0x00000000f7200000,0x00000000f9000000)
 ParOldGen       total 181248K, used 86346K [0x00000000a0000000, 0x00000000ab100000, 0x00000000e0000000)
  object space 181248K, 47% used [0x00000000a0000000,0x00000000a5452bb8,0x00000000ab100000)
 Metaspace       used 101163K, capacity 110428K, committed 110680K, reserved 1144832K
  class space    used 13146K, capacity 15699K, committed 15704K, reserved 1048576K
Event: 8915.908 GC heap after
Heap after GC invocations=38 (full 4):
 PSYoungGen      total 374784K, used 17948K [0x00000000e0000000, 0x00000000f8d00000, 0x0000000100000000)
  eden space 347136K, 0% used [0x00000000e0000000,0x00000000e0000000,0x00000000f5300000)
  from space 27648K, 64% used [0x00000000f7200000,0x00000000f83870f8,0x00000000f8d00000)
  to   space 29696K, 0% used [0x00000000f5300000,0x00000000f5300000,0x00000000f7000000)
 ParOldGen       total 181248K, used 86354K [0x00000000a0000000, 0x00000000ab100000, 0x00000000e0000000)
  object space 181248K, 47% used [0x00000000a0000000,0x00000000a5454bb8,0x00000000ab100000)
 Metaspace       used 101163K, capacity 110428K, committed 110680K, reserved 1144832K
  class space    used 13146K, capacity 15699K, committed 15704K, reserved 1048576K
}

Deoptimization events (10 events):
Event: 8711.034 Thread 0x000000001b276000 Uncommon trap: reason=class_check action=maybe_recompile pc=0x0000000003f41050 method=java.util.Collections$UnmodifiableMap$UnmodifiableEntrySet$UnmodifiableEntry.<init>(Ljava/util/Map$Entry;)V @ 9
Event: 8711.034 Thread 0x000000001b276000 Uncommon trap: reason=class_check action=maybe_recompile pc=0x0000000003f41050 method=java.util.Collections$UnmodifiableMap$UnmodifiableEntrySet$UnmodifiableEntry.<init>(Ljava/util/Map$Entry;)V @ 9
Event: 8711.035 Thread 0x000000001b276000 Uncommon trap: reason=class_check action=maybe_recompile pc=0x0000000003f41050 method=java.util.Collections$UnmodifiableMap$UnmodifiableEntrySet$UnmodifiableEntry.<init>(Ljava/util/Map$Entry;)V @ 9
Event: 8711.989 Thread 0x000000001b276000 Uncommon trap: reason=unstable_if action=reinterpret pc=0x0000000006ba6018 method=java.lang.StringCoding.encode(Ljava/nio/charset/Charset;[CII)[B @ 24
Event: 8916.213 Thread 0x000000001b275800 Uncommon trap: reason=bimorphic action=maybe_recompile pc=0x000000000466ae64 method=com.google.common.collect.ImmutableList.hashCode()I @ 23
Event: 8916.216 Thread 0x000000001b275800 Uncommon trap: reason=bimorphic action=maybe_recompile pc=0x000000000466ae64 method=com.google.common.collect.ImmutableList.hashCode()I @ 23
Event: 8916.228 Thread 0x000000001b275800 Uncommon trap: reason=bimorphic action=maybe_recompile pc=0x000000000466ae64 method=com.google.common.collect.ImmutableList.hashCode()I @ 23
Event: 8916.234 Thread 0x000000001b275800 Uncommon trap: reason=bimorphic action=maybe_recompile pc=0x000000000466ae64 method=com.google.common.collect.ImmutableList.hashCode()I @ 23
Event: 8916.268 Thread 0x000000001b275800 Uncommon trap: reason=bimorphic action=maybe_recompile pc=0x0000000005c4acd4 method=org.gradle.api.internal.artifacts.ivyservice.resolveengine.artifact.ArtifactBackedResolvedVariant$SingleArtifactSet.startVisit(Lorg/gradle/internal/operations/BuildOperati
Event: 8916.268 Thread 0x000000001b275800 Uncommon trap: reason=bimorphic action=maybe_recompile pc=0x00000000049ef80c method=org.gradle.api.internal.artifacts.ivyservice.resolveengine.artifact.ArtifactBackedResolvedVariant$DownloadArtifactFile.run(Lorg/gradle/internal/operations/BuildOperationCo

Classes redefined (0 events):
No events

Internal exceptions (10 events):
Event: 8714.534 Thread 0x000000001b276000 Exception <a 'sun/nio/fs/WindowsException'> (0x00000000ef31a150) thrown at [D:\src\AOSP-openjdk-cygwin\jdk8u\hotspot\src\share\vm\prims\jni.cpp, line 709]
Event: 8714.534 Thread 0x000000001b276000 Exception <a 'sun/nio/fs/WindowsException'> (0x00000000ef31acf8) thrown at [D:\src\AOSP-openjdk-cygwin\jdk8u\hotspot\src\share\vm\prims\jni.cpp, line 709]
Event: 8714.534 Thread 0x000000001b276000 Exception <a 'sun/nio/fs/WindowsException'> (0x00000000ef31dce8) thrown at [D:\src\AOSP-openjdk-cygwin\jdk8u\hotspot\src\share\vm\prims\jni.cpp, line 709]
Event: 8714.534 Thread 0x000000001b276000 Exception <a 'sun/nio/fs/WindowsException'> (0x00000000ef31e8d0) thrown at [D:\src\AOSP-openjdk-cygwin\jdk8u\hotspot\src\share\vm\prims\jni.cpp, line 709]
Event: 8714.535 Thread 0x000000001b276000 Exception <a 'sun/nio/fs/WindowsException'> (0x00000000ef320b90) thrown at [D:\src\AOSP-openjdk-cygwin\jdk8u\hotspot\src\share\vm\prims\jni.cpp, line 709]
Event: 8714.535 Thread 0x000000001b276000 Exception <a 'sun/nio/fs/WindowsException'> (0x00000000ef321788) thrown at [D:\src\AOSP-openjdk-cygwin\jdk8u\hotspot\src\share\vm\prims\jni.cpp, line 709]
Event: 8915.554 Thread 0x000000001b275800 Exception <a 'java/lang/ClassNotFoundException': sync_local_repo2154_4gibvogw7ea92h1j6ozrx5vbdBeanInfo> (0x00000000f2df0d50) thrown at [D:\src\AOSP-openjdk-cygwin\jdk8u\hotspot\src\share\vm\classfile\systemDictionary.cpp, line 210]
Event: 8915.554 Thread 0x000000001b275800 Exception <a 'java/lang/ClassNotFoundException': sync_local_repo2154_4gibvogw7ea92h1j6ozrx5vbdCustomizer> (0x00000000f2dfd708) thrown at [D:\src\AOSP-openjdk-cygwin\jdk8u\hotspot\src\share\vm\classfile\systemDictionary.cpp, line 210]
Event: 8916.135 Thread 0x000000001b275800 Exception <a 'sun/nio/fs/WindowsException'> (0x00000000e21f0c98) thrown at [D:\src\AOSP-openjdk-cygwin\jdk8u\hotspot\src\share\vm\prims\jni.cpp, line 709]
Event: 8916.141 Thread 0x000000001b275800 Exception <a 'sun/nio/fs/WindowsException'> (0x00000000e21fd3d8) thrown at [D:\src\AOSP-openjdk-cygwin\jdk8u\hotspot\src\share\vm\prims\jni.cpp, line 709]

Events (10 events):
Event: 8916.394 Executing VM operation: RevokeBias
Event: 8916.394 Executing VM operation: RevokeBias done
Event: 8916.396 Executing VM operation: RevokeBias
Event: 8916.396 Executing VM operation: RevokeBias done
Event: 8916.397 Executing VM operation: RevokeBias
Event: 8916.397 Executing VM operation: RevokeBias done
Event: 8916.398 Executing VM operation: RevokeBias
Event: 8916.398 Executing VM operation: RevokeBias done
Event: 8916.399 Executing VM operation: RevokeBias
Event: 8916.400 Executing VM operation: RevokeBias done


Dynamic libraries:
0x00007ff6fd5f0000 - 0x00007ff6fd621000 	C:\Program Files\Android\Android Studio\jre\bin\java.exe
0x00007ffba4f80000 - 0x00007ffba5161000 	C:\WINDOWS\SYSTEM32\ntdll.dll
0x00007ffba3850000 - 0x00007ffba3901000 	C:\WINDOWS\System32\KERNEL32.DLL
0x00007ffba1350000 - 0x00007ffba15c3000 	C:\WINDOWS\System32\KERNELBASE.dll
0x00007ffba4830000 - 0x00007ffba48d1000 	C:\WINDOWS\System32\ADVAPI32.dll
0x00007ffba39a0000 - 0x00007ffba3a3e000 	C:\WINDOWS\System32\msvcrt.dll
0x00007ffba4d90000 - 0x00007ffba4deb000 	C:\WINDOWS\System32\sechost.dll
0x00007ffba3c50000 - 0x00007ffba3d74000 	C:\WINDOWS\System32\RPCRT4.dll
0x00007ffba3ac0000 - 0x00007ffba3c50000 	C:\WINDOWS\System32\USER32.dll
0x00007ffba15d0000 - 0x00007ffba15f0000 	C:\WINDOWS\System32\win32u.dll
0x00007ffba3a40000 - 0x00007ffba3a68000 	C:\WINDOWS\System32\GDI32.dll
0x00007ffba1710000 - 0x00007ffba18a2000 	C:\WINDOWS\System32\gdi32full.dll
0x00007ffba15f0000 - 0x00007ffba168f000 	C:\WINDOWS\System32\msvcp_win.dll
0x00007ffba18b0000 - 0x00007ffba19a8000 	C:\WINDOWS\System32\ucrtbase.dll
0x00007ffb94d30000 - 0x00007ffb94f99000 	C:\WINDOWS\WinSxS\amd64_microsoft.windows.common-controls_6595b64144ccf1df_6.0.17134.706_none_fb43a2cb30647007\COMCTL32.dll
0x00007ffba4500000 - 0x00007ffba4822000 	C:\WINDOWS\System32\combase.dll
0x00007ffba1690000 - 0x00007ffba170a000 	C:\WINDOWS\System32\bcryptPrimitives.dll
0x00007ffba3a70000 - 0x00007ffba3a9d000 	C:\WINDOWS\System32\IMM32.DLL
0x000000005b6a0000 - 0x000000005b772000 	C:\Program Files\Android\Android Studio\jre\jre\bin\msvcr100.dll
0x000000005ba10000 - 0x000000005c251000 	C:\Program Files\Android\Android Studio\jre\jre\bin\server\jvm.dll
0x00007ffba41d0000 - 0x00007ffba41d8000 	C:\WINDOWS\System32\PSAPI.DLL
0x00007ffb8a430000 - 0x00007ffb8a439000 	C:\WINDOWS\SYSTEM32\WSOCK32.dll
0x00007ffb9f330000 - 0x00007ffb9f353000 	C:\WINDOWS\SYSTEM32\WINMM.dll
0x00007ffba3ef0000 - 0x00007ffba3f5c000 	C:\WINDOWS\System32\WS2_32.dll
0x00007ffb99af0000 - 0x00007ffb99afa000 	C:\WINDOWS\SYSTEM32\VERSION.dll
0x00007ffb9eee0000 - 0x00007ffb9ef0a000 	C:\WINDOWS\SYSTEM32\WINMMBASE.dll
0x00007ffba1ba0000 - 0x00007ffba1be9000 	C:\WINDOWS\System32\cfgmgr32.dll
0x00007ffb9ffa0000 - 0x00007ffb9ffaf000 	C:\Program Files\Android\Android Studio\jre\jre\bin\verify.dll
0x00007ffb9f510000 - 0x00007ffb9f539000 	C:\Program Files\Android\Android Studio\jre\jre\bin\java.dll
0x00007ffb9a410000 - 0x00007ffb9a426000 	C:\Program Files\Android\Android Studio\jre\jre\bin\zip.dll
0x00007ffba2410000 - 0x00007ffba3850000 	C:\WINDOWS\System32\SHELL32.dll
0x00007ffba4450000 - 0x00007ffba44f9000 	C:\WINDOWS\System32\shcore.dll
0x00007ffba1bf0000 - 0x00007ffba22fd000 	C:\WINDOWS\System32\windows.storage.dll
0x00007ffba4390000 - 0x00007ffba43e1000 	C:\WINDOWS\System32\shlwapi.dll
0x00007ffba12f0000 - 0x00007ffba1301000 	C:\WINDOWS\System32\kernel.appcore.dll
0x00007ffba1310000 - 0x00007ffba132f000 	C:\WINDOWS\System32\profapi.dll
0x00007ffba1290000 - 0x00007ffba12dc000 	C:\WINDOWS\System32\powrprof.dll
0x00007ffba12e0000 - 0x00007ffba12ea000 	C:\WINDOWS\System32\FLTLIB.DLL
0x00007ffb9a2e0000 - 0x00007ffb9a2fa000 	C:\Program Files\Android\Android Studio\jre\jre\bin\net.dll
0x00007ffba0ab0000 - 0x00007ffba0b16000 	C:\WINDOWS\system32\mswsock.dll
0x00007ffb98270000 - 0x00007ffb98281000 	C:\Program Files\Android\Android Studio\jre\jre\bin\nio.dll
0x00007ffb97a40000 - 0x00007ffb97a5e000 	C:\Users\bersi\.gradle\native\25\windows-amd64\native-platform.dll
0x00007ffb9f500000 - 0x00007ffb9f50d000 	C:\Program Files\Android\Android Studio\jre\jre\bin\management.dll
0x00007ffba0c60000 - 0x00007ffba0c77000 	C:\WINDOWS\SYSTEM32\CRYPTSP.dll
0x00007ffba0690000 - 0x00007ffba06c3000 	C:\WINDOWS\system32\rsaenh.dll
0x00007ffba0d90000 - 0x00007ffba0db5000 	C:\WINDOWS\SYSTEM32\bcrypt.dll
0x00007ffba11c0000 - 0x00007ffba11e8000 	C:\WINDOWS\SYSTEM32\USERENV.dll
0x00007ffba0c80000 - 0x00007ffba0c8b000 	C:\WINDOWS\SYSTEM32\CRYPTBASE.dll
0x00007ffba0830000 - 0x00007ffba0868000 	C:\WINDOWS\SYSTEM32\IPHLPAPI.DLL
0x00007ffba4380000 - 0x00007ffba4388000 	C:\WINDOWS\System32\NSI.dll
0x00007ffb99a50000 - 0x00007ffb99a66000 	C:\WINDOWS\SYSTEM32\dhcpcsvc6.DLL
0x00007ffb99a30000 - 0x00007ffb99a4a000 	C:\WINDOWS\SYSTEM32\dhcpcsvc.DLL
0x00007ffb97a60000 - 0x00007ffb97a84000 	C:\Program Files\Android\Android Studio\jre\jre\bin\sunec.dll
0x00007ffba0870000 - 0x00007ffba092e000 	C:\WINDOWS\SYSTEM32\DNSAPI.dll
0x00007ffb955c0000 - 0x00007ffb955ca000 	C:\Windows\System32\rasadhlp.dll
0x00007ffb95c80000 - 0x00007ffb95cf2000 	C:\WINDOWS\System32\fwpuclnt.dll
0x00007ffb9c5b0000 - 0x00007ffb9c5bb000 	C:\Program Files\Android\Android Studio\jre\jre\bin\sunmscapi.dll
0x00007ffba19b0000 - 0x00007ffba1b92000 	C:\WINDOWS\System32\CRYPT32.dll
0x00007ffba1330000 - 0x00007ffba1342000 	C:\WINDOWS\System32\MSASN1.dll

VM Arguments:
jvm_args: -Xmx1536m -Dfile.encoding=windows-1252 -Duser.country=BR -Duser.language=pt -Duser.variant 
java_command: org.gradle.launcher.daemon.bootstrap.GradleDaemon 4.10.1
java_class_path (initial): C:\Users\bersi\.gradle\wrapper\dists\gradle-4.10.1-all\455itskqi2qtf0v2sja68alqd\gradle-4.10.1\lib\gradle-launcher-4.10.1.jar
Launcher Type: SUN_STANDARD

Environment Variables:
PATH=C:\Program Files (x86)\Common Files\Oracle\Java\javapath;C:\WINDOWS\system32;C:\WINDOWS;C:\WINDOWS\System32\Wbem;C:\WINDOWS\System32\WindowsPowerShell\v1.0\;C:\WINDOWS\System32\OpenSSH\;C:\MinGW\bin;C:\Program Files\Git\cmd;C:\Program Files (x86)\NVIDIA Corporation\PhysX\Common;C:\Program Files\PuTTY\;C:\Program Files\NVIDIA Corporation\NVIDIA NvDLISR;"C:\Users\bersi\AppData\Local\Microsoft\WindowsApps; C:\MinGW\bin";
USERNAME=Bur
OS=Windows_NT
PROCESSOR_IDENTIFIER=Intel64 Family 6 Model 58 Stepping 9, GenuineIntel



---------------  S Y S T E M  ---------------

OS: Windows 10.0 , 64 bit Build 17134 (10.0.17134.706)

CPU:total 4 (initial active 4) (2 cores per cpu, 2 threads per core) family 6 model 58 stepping 9, cmov, cx8, fxsr, mmx, sse, sse2, sse3, ssse3, sse4.1, sse4.2, popcnt, avx, aes, clmul, erms, ht, tsc, tscinvbit, tscinv

Memory: 4k page, physical 6147072k(516592k free), swap 7195648k(4484k free)

vm_info: OpenJDK 64-Bit Server VM (25.152-b01) for windows-amd64 JRE (1.8.0_152-release-1248-b01), built by "builder" with MS VC++ 10.0 (VS2010)

time: Fri Apr 19 01:16:11 2019
elapsed time: 8916 seconds (0d 2h 28m 36s)

